CauseWay DOS Extender v3.32 Copyright 1992-96 Michael Devore.
All rights reserved.

Exception: 0E, Error code: 0006

EAX=0C3FC178 EBX=26303258 ECX=004A9008 EDX=000001AF ESI=004A9034 
EDI=2008381C EBP=004A742C ESP=004A73B8 EIP=00437360 EFL=00013204 

CS=01A7-FFBCB000 DS=01AF-FFBCB000 ES=01AF-FFBCB000 
FS=0000-xxxxxxxx GS=01B7-xxxxxxxx SS=01AF-FFBCB000 

CR0=00000000 CR2=00000000 CR3=00000000 TR=0000

Info flags=00008026 

Program Linear Load Address: 00435000

CS:EIP > 89 7B 08 89 5F 04 5B FF 4B 1C EB 7C 89 06 8B 7B 
         0C 39 FE 73 0E 3B 77 04 77 6E 8B 7B 28 39 FE 72 
         67 EB 0F 8B 7F 08 39 FE 72 5E 8D 7B 20 3B 73 24 
         77 56 29 D2 8B 43 18 8B 4B 1C 41 F7 F1 49 39 C8 
         73 25 8B 53 18 29 CA 01 C0 39 CA 77 02 29 C0 89 
         F7 03 3E 8B 17 F6 C2 01 74 2E 83 FA FF 74 08 80 
         E2 FE 01 D7 48 75 EC 8B 7B 0C 39 FE 73 03 8B 7B 
         28 39 FE 72 13 8B 7F 08 39 FE 72 0C 8B 7F 08 39 
         FE 72 05 8B 7F 08 EB E9 8B 57 04 8B 0E 87 FA 89 
         F8 03 07 39 F0 75 10 03 0F 89 0F 3B 73 0C 75 03 
         89 7B 0C 89 FE EB 11 FF 43 1C 89 56 08 89 7E 04 
         89 77 08 89 D7 89 77 04 FF 4B 18 3B 73 0C 73 08 
         3B 4B 10 76 03 89 4B 10 3B 4B 14 76 03 89 4B 14 
         1F 59 5F 5E C3 51 52 56 8B 15 FC 04 44 00 39 D0 
         75 09 8B 52 08 89 15 FC 04 44 00 3B 05 AC 5F 4A 
         00 75 08 31 C9 89 0D AC 5F 4A 00 8B 35 F8 04 44 
         

SS:ESP > 08 90 4A 00 AF 01 00 00 08 90 4A 00 20 1D 44 00 
         38 90 4A 00 EF 66 43 00 2C 74 4A 00 67 64 4A 00 
         38 90 4A 00 00 00 00 00 06 00 00 00 07 53 43 00 
         EE 2A 20 20 20 20 20 20 20 2A 20 20 00 B7 01 00 
         03 74 21 01 DF 20 AF 55 19 23 7E 24 01 00 4C 41 
         4E 44 30 33 2E 42 53 49 00 00 00 00 9F 80 4A 00 
         04 00 00 00 00 00 00 00 53 2A 01 00 38 90 4A 00 
         10 32 00 00 44 74 4A 00 20 1D 44 00 67 64 4A 00 
         00 00 00 00 50 74 4A 00 81 7A 43 00 00 00 00 00 
         00 01 4A 00 E3 6A 43 00 00 00 00 00 00 00 00 00 
         00 00 00 00 00 00 00 00 00 00 00 00 00 00 00 00 
         00 00 00 00 00 00 00 00 00 00 00 00 00 00 00 00 
         00 00 00 00 00 00 00 00 00 00 00 00 00 00 00 00 
         00 00 00 00 00 00 00 00 00 00 00 00 00 00 00 00 
         00 00 00 00 00 00 00 00 00 00 00 00 00 00 00 00 
         00 00 00 00 00 00 00 00 00 00 00 00 00 00 00 00 
         

         87 01 00 00 83 00 00 00 AF 01 00 00 B6 05 00 00 
         37 01 00 00 04 32 00 00 C3 05 00 00 60 00 00 00 
         20 1D 44 00 67 64 4A 00 AC 73 4A 00 6C 73 4A 00 
         06 00 00 00 38 90 4A 00 53 2A 01 00 53 2A 01 00 
         B7 01 00 00 00 00 00 00 AF 01 00 00 AF 01 00 00 
         E3 62 43 00 A7 01 00 00 00 32 00 00 53 2A 01 00 
         38 90 4A 00 06 00 00 00 D4 73 4A 00 42 40 00 00 
         67 64 4A 00 AF 01 00 00 58 32 30 26 78 C1 3F 0C 
         35 06 00 00 27 01 00 00 04 32 01 00 08 90 4A 00 
         AF 01 00 00 08 90 4A 00 20 1D 44 00 38 90 4A 00 
         EF 66 43 00 2C 74 4A 00 67 64 4A 00 38 90 4A 00 
         00 00 00 00 06 00 00 00 07 53 43 00 EE 2A 20 20 
         20 20 20 20 20 2A 20 20 00 B7 01 00 03 74 21 01 
         DF 20 AF 55 19 23 7E 24 01 00 4C 41 4E 44 30 33 
         2E 42 53 49 00 00 00 00 9F 80 4A 00 04 00 00 00 
         00 00 00 00 53 2A 01 00 38 90 4A 00 10 32 00 00 
SS:EBP > 44 74 4A 00 20 1D 44 00 67 64 4A 00 00 00 00 00 
         50 74 4A 00 81 7A 43 00 00 00 00 00 00 01 4A 00 
         E3 6A 43 00 00 00 00 00 00 00 00 00 00 00 00 00 
         00 00 00 00 00 00 00 00 00 00 00 00 00 00 00 00 
         00 00 00 00 00 00 00 00 00 00 00 00 00 00 00 00 
         00 00 00 00 00 00 00 00 00 00 00 00 00 00 00 00 
         00 00 00 00 00 00 00 00 00 00 00 00 00 00 00 00 
         00 00 00 00 00 00 00 00 00 00 00 00 00 00 00 00 
         00 00 00 00 00 00 00 00 00 00 00 00 00 00 00 00 
         00 00 00 00 00 00 00 00 00 00 00 00 00 00 00 00 
         00 00 00 00 00 00 00 00 00 00 00 00 00 00 00 00 
         00 00 00 00 00 00 00 00 00 00 00 00 00 00 00 00 
         00 00 00 00 00 00 00 00 00 00 00 00 00 00 00 00 
         00 00 00 00 00 00 00 00 00 00 00 00 00 00 00 00 
         00 00 00 00 00 00 00 00 00 00 00 00 00 00 00 00 
         00 00 00 00 00 00 00 00 00 00 00 00 00 00 00 00 
         


   Application resource tracking details   
===========================================


Selectors
=========

 sel   base     limit  type D mem count
----------------------------------------
018F 00430000 00004000 DATA 32 Y xxxx
019F 00430AEC 0000058A DATA 32 Y xxxx
01A7 00000000 FFFFFFFF CODE 32 N 0001
01AF 00000000 FFFFFFFF DATA 32 N 0002
01B7 004310B4 00000043 DATA 32 Y xxxx

Total selectors: 0005


Linear memory blocks
====================

 handle    base    length 
--------------------------
00435000 00435000 00073000 
00430AEC 00430AEC 0000058C 
00431080 00431080 00000014 
004310B4 004310B4 00000044 

Total Linear memory: 000735E4 (00077000) in 00000004 blocks


Linear memory locked
====================

  base    length 
-----------------
6B200043 0000000B 


DOS memory blocks
=================

 sel   base    length 
----------------------


Protected mode interrupt vectors
================================

No sel   offset 
----------------


Protected mode exception vectors
================================

No sel   offset 
----------------


Real mode interrupt vectors
===========================

No seg offset
-------------


Call-Backs
==========

  real        target
-----------------------
