
 Volume in drive N is ART1        
 Directory of  n:\projects\batspire\bsa\bsi\*.bsi

bip.bsi             8   7-15-97  13:20 
clay.bsi            8   7-15-97  13:20 
1panel.bsi       2166   6-16-97  18:30 
curs00.bsi       2166   7-03-97  10:39 
tube.bsi         2166   6-25-97  12:39 
mdhr01.bsi       4742   7-03-97  10:39 
white.bsi        4974   4-04-97  14:26 
corl03.bsi       5238   5-15-97  17:59 
corl04.bsi       5238   5-15-97  17:59 
gras02.bsi       5238   5-15-97  17:53 
grs.bsi          5238   3-25-97  11:59 
hay02.bsi        5238   5-15-97  17:54 
lanwod.bsi       5238   4-21-97  11:29 
lanwoo.bsi       5238   4-21-97  11:29 
lanwood.bsi      5238   7-03-97  10:39 
lava.bsi         5238   4-18-97  15:12 
monster1.bsi     5238   5-08-97  12:34 
monster2.bsi     5238   5-08-97  12:34 
spell.bsi        5238   3-27-97  11:57 
start.bsi        5238   3-20-97  12:27 
stel02.bsi       5238   5-15-97  17:58 
ston03.bsi       5238   5-15-97  17:57 
ston04.bsi       5238   5-15-97  17:57 
stuff.bsi        5238   4-18-97  15:09 
trigger.bsi      5238   3-19-97  10:39 
user.bsi         5238   4-08-97  11:18 
watfa1.bsi       5238   5-15-97  17:57 
watfa2.bsi       5238   5-15-97  17:57 
watfa3.bsi       5238   5-15-97  17:57 
mnhr02.bsi       5622   7-03-97  10:39 
frhr03.bsi       5966   7-03-97  10:39 
mhhr01.bsi       5978   7-03-97  10:39 
fwhr02.bsi       6234   7-03-97  10:39 
frhr02.bsi       6242   7-03-97  10:39 
mdhr03.bsi       6749   7-03-97  10:39 
fnhr02.bsi       6751   7-03-97  10:39 
mnhr01.bsi       6758   7-03-97  10:39 
mrhr01.bsi       6800   7-03-97  10:39 
fnhr01.bsi       7118   7-03-97  10:39 
frhr01.bsi       7830   7-03-97  10:39 
fwhr03.bsi       7857   7-03-97  10:39 
mhlmb530.bsi     7988   7-03-97  10:39 
fbhr01.bsi       8529   7-03-97  10:39 
fwhr01.bsi       8529   7-03-97  10:39 
mdhr02.bsi       8622   7-03-97  10:39 
fbhr03.bsi       9222   7-03-97  10:39 
swrd01.bsi       9406   8-25-97  10:46 
fdhr01.bsi       9410   7-03-97  10:39 
bookmn.bsi       9422   7-03-97  10:39 
tsign.bsi        9462   6-11-97  19:05 
bast01.bsi       9470   8-25-97  10:43 
metl08.bsi       9470   9-24-97  15:28 
potn01.bsi       9526   9-02-97  10:45 
potn00.bsi       9566   9-02-97  12:37 
optnon00.bsi     9573   9-19-97  15:14 
botl04.bsi       9592   8-25-97  16:23 
botl05.bsi       9592   8-25-97  16:23 
1plat3.bsi       9598   8-24-97  19:03 
alcv04.bsi       9598   8-25-97  10:51 
armor2.bsi       9598   8-25-97  10:42 
axe001.bsi       9598   8-25-97  10:42 
cloth.bsi        9598   8-25-97  10:43 
flesh2.bsi       9598   8-25-97  10:44 
metl02.bsi       9598   9-15-97  12:53 
pila02.bsi       9598   8-25-97  10:45 
swrd00.bsi       9598   8-25-97  10:46 
hno000.bsi       9622  10-06-97  15:38 
hyes00.bsi       9650  10-06-97  15:38 
direc0.bsi       9716   8-22-97  18:42 
direc2.bsi       9716   8-22-97  18:42 
gold.bsi         9726   8-25-97  10:40 
mrev00.bsi       9784   9-19-97  10:15 
frdmt004.bsi     9825   9-10-95  16:18 
frdmt007.bsi     9825   9-10-95  16:18 
botl03.bsi       9846   8-25-97  16:23 
1rop02.bsi       9854   8-25-97  10:52 
bckt00.bsi       9854   9-02-97  11:38 
cut001.bsi       9854   8-25-97  10:43 
cut002.bsi       9854   8-25-97  10:43 
grip00.bsi       9854   9-24-97  16:16 
hedx06.bsi       9854   9-05-97  13:54 
hedx07.bsi       9854   9-05-97  13:54 
hedy07.bsi       9854   9-05-97  13:54 
post00.bsi       9854   8-28-97  12:08 
roof01.bsi       9854   8-25-97  10:46 
roof02.bsi       9854   8-25-97  10:46 
sack00.bsi       9854   9-02-97  11:56 
skul01.bsi       9854  10-01-97  14:55 
tile11.bsi       9854   8-29-97   8:45 
tile13.bsi       9854   8-29-97   8:45 
wood24.bsi       9854   9-24-97  14:01 
frdmt005.bsi     9862   9-10-95  16:18 
frdmt006.bsi     9862   9-10-95  16:18 
direc1.bsi       9871   8-22-97  18:42 
direc6.bsi       9871   8-22-97  18:42 
sack01.bsi       9871   9-02-97  12:08 
direc7.bsi       9917   8-22-97  18:42 
direc8.bsi       9917   8-22-97  18:42 
boot00.bsi       9927   9-02-97  11:04 
direc3.bsi       9937   8-22-97  18:42 
direc5.bsi       9937   8-22-97  18:42 
mwdmt007.bsi     9940   9-10-95  16:18 
mnomt004.bsi     9942   9-10-95  16:18 
fems04.bsi       9967   5-09-97  12:46 
fbrmt006.bsi     9982   9-10-95  16:18 
mwdmt002.bsi     9990   9-10-95  16:18 
fdkmt002.bsi     9993   9-10-95  16:18 
flam01.bsi      10002   8-25-97  10:48 
fdkmt003.bsi    10014   9-10-95  16:18 
fnomt002.bsi    10014   9-10-95  16:18 
fnomt007.bsi    10014   9-10-95  16:18 
mdkmt006.bsi    10014   9-10-95  16:18 
mnomt001.bsi    10024   9-10-95  16:18 
mrdmt003.bsi    10032   9-10-95  16:18 
botl00.bsi      10038   8-25-97  16:23 
botl01.bsi      10038   8-25-97  16:23 
botl02.bsi      10038   8-25-97  16:23 
botl06.bsi      10038   8-25-97  16:23 
mdkmt005.bsi    10046   9-10-95  16:18 
mwdmt005.bsi    10055   9-10-95  16:18 
fbrmt001.bsi    10056   9-10-95  16:18 
fbrmt004.bsi    10056   9-10-95  16:18 
mrdmt005.bsi    10067   9-10-95  16:18 
fdkmt005.bsi    10078   9-10-95  16:18 
mrdmt001.bsi    10078   9-10-95  16:18 
mrdmt002.bsi    10078   9-10-95  16:18 
sack.bsi        10078   8-25-97  10:41 
fnomt005.bsi    10082   9-10-95  16:18 
fnomt009.bsi    10082   9-10-95  16:18 
mhimt004.bsi    10086   9-10-95  16:18 
frdmt010.bsi    10090   9-10-95  16:18 
mdkmt003.bsi    10092   9-10-95  16:18 
mdkmt009.bsi    10092   9-10-95  16:18 
frdmt003.bsi    10098   9-10-95  16:18 
frdmt009.bsi    10098   9-10-95  16:18 
fhimt010.bsi    10101   9-10-95  16:18 
mhimt005.bsi    10101   9-10-95  16:18 
mrdmt004.bsi    10101   9-10-95  16:18 
mwdmt003.bsi    10101   9-10-95  16:18 
bok3.bsi        10110   8-25-97  10:40 
mwdmt001.bsi    10110   9-10-95  16:18 
mwdmt010.bsi    10110   9-10-95  16:18 
fhimt004.bsi    10112   9-10-95  16:18 
fhimt006.bsi    10112   9-10-95  16:18 
mwdmt004.bsi    10117   9-10-95  16:18 
fnomt004.bsi    10119   9-10-95  16:18 
fnomt010.bsi    10119   9-10-95  16:18 
direc4.bsi      10126   8-22-97  18:42 
mbot02.bsi      10133   7-03-97  10:39 
fhimt002.bsi    10134   9-10-95  16:18 
fhimt007.bsi    10134   9-10-95  16:18 
fhimt008.bsi    10134   9-10-95  16:18 
fhimt009.bsi    10134   9-10-95  16:18 
mhimt003.bsi    10134   9-10-95  16:18 
optn07.bsi      10134   9-19-97  15:14 
optn08.bsi      10134   9-19-97  15:14 
fbrmt002.bsi    10140   9-10-95  16:18 
fbrmt005.bsi    10140   9-10-95  16:18 
frdmt001.bsi    10140   9-10-95  16:18 
frdmt008.bsi    10140   9-10-95  16:18 
mdkmt002.bsi    10142   9-10-95  16:18 
point1.bsi      10142   8-22-97  14:52 
mbrmt002.bsi    10147   9-10-95  16:18 
mbrmt006.bsi    10147   9-10-95  16:18 
fhimt003.bsi    10156   9-10-95  16:18 
fnomt003.bsi    10156   9-10-95  16:18 
mbrmt001.bsi    10156   9-10-95  16:18 
mwdmt006.bsi    10158   9-10-95  16:18 
fbrmt003.bsi    10161   9-10-95  16:18 
mbotb461.bsi    10161   7-03-97  10:39 
frdmt002.bsi    10170   9-10-95  16:18 
mhimt001.bsi    10170   9-10-95  16:18 
mhimt002.bsi    10170   9-10-95  16:18 
mnomt003.bsi    10170   9-10-95  16:18 
mnomt010.bsi    10170   9-10-95  16:18 
fhimt001.bsi    10178   9-10-95  16:18 
fhimt005.bsi    10178   9-10-95  16:18 
fnomt001.bsi    10178   9-10-95  16:18 
fnomt006.bsi    10178   9-10-95  16:18 
fnomt008.bsi    10178   9-10-95  16:18 
mhimt007.bsi    10182   9-10-95  16:18 
fdkmt006.bsi    10193   9-10-95  16:18 
fdkmt007.bsi    10193   9-10-95  16:18 
fdkmt008.bsi    10193   9-10-95  16:18 
point0.bsi      10203   8-22-97  14:52 
fwdmt001.bsi    10206   9-10-95  16:18 
fwdmt005.bsi    10206   9-10-95  16:18 
fwdmt006.bsi    10206   9-10-95  16:18 
fwdmt007.bsi    10206   9-10-95  16:18 
fwdmt008.bsi    10206   9-10-95  16:18 
mbrmt010.bsi    10206   9-10-95  16:18 
mdkmt004.bsi    10217   9-10-95  16:18 
mnoey006.bsi    10238   9-10-95  16:18 
fdkmt004.bsi    10239   9-10-95  16:18 
fdkmt009.bsi    10239   9-10-95  16:18 
fdkmt010.bsi    10239   9-10-95  16:18 
mnomt002.bsi    10254   9-10-95  16:18 
fwdmt002.bsi    10262   9-10-95  16:18 
mnomt007.bsi    10262   9-10-95  16:18 
fbrmt007.bsi    10266   9-10-95  16:18 
fbrmt008.bsi    10266   9-10-95  16:18 
fbrmt009.bsi    10266   9-10-95  16:18 
fbrmt010.bsi    10266   9-10-95  16:18 
fwdmt003.bsi    10278   9-10-95  16:18 
fwdmt004.bsi    10278   9-10-95  16:18 
mdkmt001.bsi    10278   9-10-95  16:18 
fdkmt001.bsi    10285   9-10-95  16:18 
mbrmt003.bsi    10310   9-10-95  16:18 
mbrmt007.bsi    10326   9-10-95  16:18 
mbrmt008.bsi    10326   9-10-95  16:18 
mbrmt009.bsi    10326   9-10-95  16:18 
mnomt005.bsi    10326   9-10-95  16:18 
mnomt006.bsi    10326   9-10-95  16:18 
mnomt008.bsi    10326   9-10-95  16:18 
fwdmt010.bsi    10331   9-10-95  16:18 
symb11.bsi      10341   8-22-97   8:45 
4d.bsi          10342   8-25-97  10:42 
4d2.bsi         10342   8-25-97  10:42 
4k.bsi          10342   8-25-97  10:42 
4k2.bsi         10342   8-25-97  10:42 
4s.bsi          10342   8-25-97  10:42 
4s2.bsi         10342   8-25-97  10:42 
4ss.bsi         10342   8-25-97  10:42 
4u.bsi          10342   8-25-97  10:42 
4u2.bsi         10342   8-25-97  10:42 
mhimt006.bsi    10342   9-10-95  16:18 
mhimt010.bsi    10342   9-10-95  16:18 
mhimt009.bsi    10350   9-10-95  16:18 
mnomt009.bsi    10350   9-10-95  16:18 
mrdmt006.bsi    10350   9-10-95  16:18 
mrdmt009.bsi    10350   9-10-95  16:18 
frdey004.bsi    10357   9-10-95  16:18 
frdey008.bsi    10357   9-10-95  16:18 
frdey009.bsi    10357   9-10-95  16:18 
mrdey006.bsi    10365   9-10-95  16:18 
1mar02.bsi      10366   8-24-97  19:03 
1pan02.bsi      10366   8-24-97  19:03 
1plat2.bsi      10366   8-24-97  19:03 
1warn1.bsi      10366   8-24-97  19:03 
alcv03.bsi      10366   8-25-97  10:51 
armor1.bsi      10366   8-25-97  10:42 
book00.bsi      10366   8-25-97  10:43 
clth00.bsi      10366   9-08-97  12:28 
flesh1.bsi      10366   8-25-97  10:51 
flor03.bsi      10366   9-15-97  15:18 
flor05.bsi      10366   9-05-97  13:55 
hedy06.bsi      10366   9-05-97  13:54 
lamp.bsi        10366   8-25-97  10:41 
lens3.bsi       10366   8-25-97  10:41 
lev2.bsi        10366   8-25-97  10:41 
lglob.bsi       10366   8-25-97  10:41 
metl03.bsi      10366   9-15-97  12:53 
metl04.bsi      10366   9-24-97  14:24 
parchb.bsi      10366   8-25-97  10:41 
pila03.bsi      10366   8-25-97  10:45 
plaq01.bsi      10366   8-25-97  10:45 
rawin.bsi       10366   8-25-97  10:41 
roof00.bsi      10366   8-25-97  10:46 
skul00.bsi      10366  10-01-97  16:22 
smrck.bsi       10366   8-25-97  10:41 
spool1.bsi      10366   8-25-97  10:41 
step02.bsi      10366   9-10-97  15:05 
step03.bsi      10366   9-10-97  15:05 
tile10.bsi      10366   8-29-97   8:45 
tile12.bsi      10366   8-29-97   8:45 
wall05.bsi      10366   9-04-97  11:33 
fwdmt009.bsi    10374   9-10-95  16:18 
mrdmt007.bsi    10374   9-10-95  16:18 
fdag01.bsi      10382   7-03-97  10:39 
mhimt008.bsi    10392   9-10-95  16:18 
mrdmt008.bsi    10392   9-10-95  16:18 
mdkmt008.bsi    10417   9-10-95  16:18 
mwdmt008.bsi    10417   9-10-95  16:18 
mnoey005.bsi    10431   9-10-95  16:18 
mrdey004.bsi    10431   9-10-95  16:18 
elmt00.bsi      10444   8-21-97  10:45 
symb19.bsi      10444   8-22-97   8:45 
mnoey003.bsi    10458   9-10-95  16:18 
mnoey008.bsi    10458   9-10-95  16:18 
mdkmt007.bsi    10460   9-10-95  16:18 
mdkmt010.bsi    10460   9-10-95  16:18 
mbrey006.bsi    10464   9-10-95  16:18 
mwdmt009.bsi    10486   9-10-95  16:18 
fnoey004.bsi    10489   9-10-95  16:18 
fnoey008.bsi    10489   9-10-95  16:18 
mbrey005.bsi    10489   9-10-95  16:18 
mbrey004.bsi    10494   9-10-95  16:18 
mbrey009.bsi    10494   9-10-95  16:18 
mbrey010.bsi    10494   9-10-95  16:18 
mhiey007.bsi    10494   9-10-95  16:18 
mrdey007.bsi    10498   9-10-95  16:18 
mnoey004.bsi    10532   9-10-95  16:18 
mnoey007.bsi    10532   9-10-95  16:18 
fbrey001.bsi    10558   9-10-95  16:18 
fnoey003.bsi    10563   9-10-95  16:18 
fnoey009.bsi    10563   9-10-95  16:18 
mrdey005.bsi    10566   9-10-95  16:18 
frdey006.bsi    10567   9-10-95  16:18 
frdey007.bsi    10567   9-10-95  16:18 
fbrey009.bsi    10582   9-10-95  16:18 
fbrey010.bsi    10582   9-10-95  16:18 
mhiey001.bsi    10590   9-10-95  16:18 
mnoey001.bsi    10596   9-10-95  16:18 
mnoey002.bsi    10596   9-10-95  16:18 
mwdey002.bsi    10596   9-10-95  16:18 
fnoey002.bsi    10600   9-10-95  16:18 
fnoey007.bsi    10600   9-10-95  16:18 
mhiey006.bsi    10600   9-10-95  16:18 
mrdey002.bsi    10600   9-10-95  16:18 
mbrey002.bsi    10602   9-10-95  16:18 
mrdey001.bsi    10602   9-10-95  16:18 
fnoey010.bsi    10634   9-10-95  16:18 
frdey001.bsi    10634   9-10-95  16:18 
fnoey001.bsi    10637   9-10-95  16:18 
fnoey006.bsi    10637   9-10-95  16:18 
mdkey002.bsi    10637   9-10-95  16:18 
mdkey008.bsi    10637   9-10-95  16:18 
fplc01.bsi      10638   8-25-97  10:44 
mdkey001.bsi    10638   9-10-95  16:18 
mdkey007.bsi    10638   9-10-95  16:18 
mdkey010.bsi    10638   9-10-95  16:18 
fnoey005.bsi    10662   9-10-95  16:18 
mhiey003.bsi    10662   9-10-95  16:18 
fbrey003.bsi    10668   9-10-95  16:18 
fbrey005.bsi    10668   9-10-95  16:18 
fbrey006.bsi    10668   9-10-95  16:18 
frdey003.bsi    10668   9-10-95  16:18 
mhiey005.bsi    10668   9-10-95  16:18 
fbrey004.bsi    10674   9-10-95  16:18 
mhiey002.bsi    10674   9-10-95  16:18 
mrdey009.bsi    10674   9-10-95  16:18 
fpit03.bsi      10682   8-25-97  10:44 
cont_bar.bsi    10700   8-12-97  18:43 
frdey002.bsi    10702   9-10-95  16:18 
mbrmt004.bsi    10702   9-10-95  16:18 
fhiey008.bsi    10707   9-10-95  16:18 
mrdey003.bsi    10710   9-10-95  16:18 
mwdey001.bsi    10742   9-10-95  16:18 
fhiey007.bsi    10746   9-10-95  16:18 
symb08.bsi      10746   8-22-97   8:45 
symb26.bsi      10746   8-22-97   8:45 
fdkey004.bsi    10748   9-10-95  16:18 
fhiey002.bsi    10748   9-10-95  16:18 
filt00.bsi      10767  10-02-97  11:00 
filt01.bsi      10767  10-02-97  11:00 
filt02.bsi      10767  10-02-97  11:00 
filt03.bsi      10767  10-02-97  11:00 
filt04.bsi      10767  10-02-97  11:00 
filt05.bsi      10767  10-02-97  11:00 
fhiey005.bsi    10782   9-10-95  16:18 
fbrey002.bsi    10785   9-10-95  16:18 
fdkey002.bsi    10785   9-10-95  16:18 
fbrey008.bsi    10786   9-10-95  16:18 
mbrey003.bsi    10786   9-10-95  16:18 
post01.bsi      10798   8-28-97  17:40 
frdey010.bsi    10812   9-10-95  16:18 
mbrey007.bsi    10812   9-10-95  16:18 
mnoey009.bsi    10812   9-10-95  16:18 
fdkey003.bsi    10822   9-10-95  16:18 
mbrey001.bsi    10822   9-10-95  16:18 
mdkey003.bsi    10822   9-10-95  16:18 
mdkey009.bsi    10822   9-10-95  16:18 
mbrey008.bsi    10824   9-10-95  16:18 
mdkey005.bsi    10824   9-10-95  16:18 
mrdmt010.bsi    10838   9-10-95  16:18 
mwdey006.bsi    10838   9-10-95  16:18 
mhiey004.bsi    10854   9-10-95  16:18 
fdkey001.bsi    10859   9-10-95  16:18 
mhiey008.bsi    10859   9-10-95  16:18 
fhiey003.bsi    10862   9-10-95  16:18 
fhiey009.bsi    10862   9-10-95  16:18 
fhiey010.bsi    10863   9-10-95  16:18 
mwdey003.bsi    10890   9-10-95  16:18 
mwdey005.bsi    10890   9-10-95  16:18 
mwdey007.bsi    10890   9-10-95  16:18 
fdkey006.bsi    10896   9-10-95  16:18 
fdkey007.bsi    10896   9-10-95  16:18 
mwdey011.bsi    10896   9-30-97  14:49 
fbrey007.bsi    10900   9-10-95  16:18 
fwdey006.bsi    10900   9-10-95  16:18 
fhiey004.bsi    10902   9-10-95  16:18 
fwdey001.bsi    10902   9-10-95  16:18 
mnoey010.bsi    10902   9-10-95  16:18 
fwdey005.bsi    10933   9-10-95  16:18 
fdkey008.bsi    10938   9-10-95  16:18 
fdkey009.bsi    10938   9-10-95  16:18 
fdkey010.bsi    10938   9-10-95  16:18 
symb04.bsi      10938   8-22-97   8:45 
fhiey001.bsi    10941   9-10-95  16:18 
fwdey002.bsi    10941   9-10-95  16:18 
symb16.bsi      10941   8-22-97   8:45 
mrdey011.bsi    10976   9-30-97  14:49 
mwdey009.bsi    10980   9-10-95  16:18 
symb14.bsi      10980   8-22-97   8:45 
symb20.bsi      10980   8-22-97   8:45 
symb25.bsi      10980   8-22-97   8:55 
trope.bsi       11006   8-25-97  10:41 
fdkey005.bsi    11007   9-10-95  16:18 
screen02.bsi    11007   9-19-97  15:50 
frdey005.bsi    11019   9-10-95  16:18 
fwdey004.bsi    11019   9-10-95  16:18 
mwdey004.bsi    11019   9-10-95  16:18 
fwdey007.bsi    11022   9-10-95  16:18 
fwdey008.bsi    11022   9-10-95  16:18 
fwdey010.bsi    11022   9-10-95  16:18 
mwdey008.bsi    11022   9-10-95  16:18 
fhiey006.bsi    11023   9-10-95  16:18 
fwdey003.bsi    11058   9-10-95  16:18 
fwdey009.bsi    11058   9-10-95  16:18 
mhiey010.bsi    11058   9-10-95  16:18 
mrdey008.bsi    11058   9-10-95  16:18 
mrdey010.bsi    11058   9-10-95  16:18 
mwdey010.bsi    11058   9-10-95  16:18 
glow00.bsi      11097   8-25-97  10:49 
mdkey006.bsi    11102   9-10-95  16:18 
mhiey009.bsi    11102   9-10-95  16:18 
mbrey011.bsi    11105   9-30-97  14:49 
mdkey004.bsi    11106   9-10-95  16:18 
mbrey012.bsi    11142   9-30-97  14:49 
symb09.bsi      11146   8-22-97   8:45 
symb17.bsi      11146   8-22-97   8:55 
mbrmt005.bsi    11148   9-10-95  16:18 
fdkey013.bsi    11228   9-30-97  14:49 
fwdey011.bsi    11228   9-30-97  14:49 
symb06.bsi      11232   8-22-97   8:45 
dred94.bsi      11233   9-23-95  11:42 
elmt01.bsi      11234   8-21-97  16:56 
symb18.bsi      11234   8-22-97   8:45 
fdkey011.bsi    11274   9-30-97  14:49 
elmt02.bsi      11277   8-21-97  10:45 
symb10.bsi      11277   8-22-97   8:45 
symb15.bsi      11277   8-22-97   8:45 
symb24.bsi      11278   8-22-97   8:45 
cursor.bsi      11292   9-18-97  19:27 
view.bsi        11292   9-18-97  19:27 
fdkey012.bsi    11320   9-30-97  14:49 
beds01.bsi      11322   8-25-97  10:43 
mdkey011.bsi    11322   9-30-97  18:23 
dlvr02.bsi      11366   8-21-97  16:56 
symb23.bsi      11366   8-22-97   8:45 
1rop01.bsi      11390   8-24-97  19:03 
barl00.bsi      11390   8-28-97  12:08 
barl01.bsi      11390   8-28-97  12:08 
flor06.bsi      11390   9-05-97  13:55 
flor07.bsi      11390   9-05-97  13:55 
flor08.bsi      11390   9-05-97  13:55 
grat00.bsi      11390   9-10-97  12:44 
hedx00.bsi      11390   9-05-97  13:54 
hedx01.bsi      11390   9-05-97  13:54 
hedx02.bsi      11390   9-05-97  13:54 
hedx03.bsi      11390   9-05-97  13:54 
hedx04.bsi      11390   9-05-97  13:54 
hedx05.bsi      11390   9-05-97  13:54 
hedx08.bsi      11390   9-16-97  16:53 
hedy00.bsi      11390   9-05-97  13:54 
hedy01.bsi      11390   9-05-97  13:54 
hedy02.bsi      11390   9-05-97  13:54 
hedy03.bsi      11390   9-05-97  13:54 
hedy04.bsi      11390   9-05-97  13:54 
hedy05.bsi      11390   9-05-97  13:54 
hedy08.bsi      11390   9-16-97  16:53 
hedy09.bsi      11390   9-17-97  10:53 
pila01.bsi      11390   8-25-97  10:45 
smth00.bsi      11390   9-18-97   7:35 
smth01.bsi      11390   9-18-97   7:35 
smth03.bsi      11390   9-18-97   7:35 
smth04.bsi      11390   9-18-97   7:35 
step00.bsi      11390   8-25-97  10:46 
step01.bsi      11390   8-25-97  10:46 
swrd02.bsi      11390   8-25-97  10:46 
wood00.bsi      11390   8-31-97  14:07 
wood01.bsi      11390   8-31-97  14:07 
wood06.bsi      11390   8-31-97  14:06 
wood22.bsi      11390   8-25-97  10:47 
wood23.bsi      11390   8-28-97  12:12 
symb21.bsi      11410   8-22-97   8:45 
elmt03.bsi      11412   8-21-97  10:45 
fbhr02.bsi      11414   7-03-97  10:39 
smpd94.bsi      11419   9-23-95  11:08 
symb05.bsi      11449   8-22-97   8:45 
symb13.bsi      11454   8-22-97   8:45 
symb22.bsi      11454   8-22-97   8:45 
symb12.bsi      11492   8-22-97   8:45 
symb01.bsi      11498   8-22-97   8:45 
dlvr01.bsi      11502   8-21-97  10:45 
dlvr03.bsi      11502   8-21-97  12:16 
symb02.bsi      11502   8-22-97   8:45 
elmt04.bsi      11547   8-21-97  10:45 
symb03.bsi      11547   8-22-97   8:45 
smps94.bsi      11550   9-23-95  11:08 
symb00.bsi      11592   8-22-97   8:45 
symb07.bsi      11592   8-22-97   8:45 
dlvr00.bsi      11596   8-21-97  16:56 
dlvr04.bsi      11637   8-22-97   8:45 
glow.bsi        11667   8-12-97  16:39 
fplc02.bsi      11694   8-25-97  10:44 
mbrhr005.bsi    11722   8-14-97  21:49 
blade2.bsi      11902   8-25-97  10:40 
mnohr005.bsi    11926   8-14-97  21:52 
fgaun341.bsi    11961   9-18-97  10:59 
fgaun342.bsi    11961   9-18-97  10:59 
fgaun343.bsi    11961   9-23-97  14:17 
fgaun344.bsi    11961   9-23-97  14:17 
dred93.bsi      12062   9-23-95  11:42 
drain.bsi       12094   8-25-97  10:40 
ptoms.bsi       12158   8-25-97  10:41 
bok2.bsi        12286   8-25-97  10:40 
toilet.bsi      12286   8-25-97  10:41 
exit00.bsi      12367   8-12-97  16:36 
mhlmb531.bsi    12424   7-03-97  10:39 
verd94.bsi      12444   9-23-95  11:10 
fpnts110.bsi    12803   9-18-97  11:00 
fpnts112.bsi    12803   9-18-97  11:00 
dres94.bsi      12912   9-23-95  11:42 
fems03.bsi      12949   5-09-97  12:45 
scrl02.bsi      13058   8-12-97  16:36 
screen01.bsi    13194   9-19-97  12:14 
cap1.bsi        13242   8-25-97  10:40 
cap2.bsi        13242   8-25-97  10:40 
dred92.bsi      13292   9-23-95  11:42 
smpd93.bsi      13294   9-23-95  11:08 
smps93.bsi      13320   9-23-95  11:08 
fpnts107.bsi    13355   9-18-97  11:00 
fpnts111.bsi    13355   9-18-97  11:00 
fpit01.bsi      13357   8-25-97  10:44 
fpit00.bsi      13412   8-25-97  10:44 
back00.bsi      13418   7-03-97  10:39 
back01.bsi      13418   7-03-97  10:39 
1brg02.bsi      13438   8-24-97  19:03 
1ctrl1.bsi      13438   8-24-97  19:03 
1flr01.bsi      13438   8-24-97  19:03 
1gaug.bsi       13438   8-24-97  19:03 
1gril.bsi       13438   8-24-97  19:03 
1mar01.bsi      13438   8-24-97  19:03 
1pan01.bsi      13438   8-24-97  19:03 
1plat1.bsi      13438   8-24-97  19:03 
1plt00.bsi      13438   9-02-97   9:37 
1plt01.bsi      13438   9-02-97   9:37 
alcv00.bsi      13438   8-25-97  10:51 
alcv01.bsi      13438   8-25-97  10:51 
alcv02.bsi      13438   8-25-97  10:51 
bell.bsi        13438   8-25-97  10:40 
black.bsi       13438   8-25-97  10:40 
blade1.bsi      13438   8-25-97  10:40 
bone00.bsi      13438   9-19-97   7:56 
book01.bsi      13438   8-25-97  10:40 
book02.bsi      13438   8-25-97  10:40 
book03.bsi      13438   8-25-97  10:40 
books01.bsi     13438   8-25-97  10:40 
books02.bsi     13438   8-25-97  10:40 
books03.bsi     13438   8-25-97  10:40 
brdg02.bsi      13438  10-02-97  10:50 
brdg07.bsi      13438  10-01-97  12:57 
bstart.bsi      13438   8-25-97  10:40 
butn1.bsi       13438   8-25-97  10:40 
cand1.bsi       13438   8-25-97  10:40 
chkr.bsi        13438   8-25-97  10:40 
chst00.bsi      13438   8-25-97  10:43 
coff01.bsi      13438   8-25-97  10:43 
coral03.bsi     13438   8-25-97  10:40 
coral04.bsi     13438   8-25-97  10:40 
crat02.bsi      13438   8-25-97  10:43 
dmarb.bsi       13438   8-25-97  10:40 
draw00.bsi      13438   8-25-97  10:43 
draw01.bsi      13438   8-25-97  10:43 
draw02.bsi      13438   8-25-97  10:43 
draw03.bsi      13438   8-25-97  10:43 
flor02.bsi      13438   9-05-97  13:55 
flor04.bsi      13438   9-05-97  13:55 
flor09.bsi      13438   9-05-97  13:55 
flor10.bsi      13438   8-25-97  10:40 
flor11.bsi      13438   9-05-97  13:55 
flor12.bsi      13438   9-05-97  13:55 
flor13.bsi      13438   9-05-97  13:55 
flor14.bsi      13438   9-05-97  13:55 
flor15.bsi      13438   9-05-97  13:55 
flor16.bsi      13438   9-05-97  13:55 
flor17.bsi      13438   9-05-97  13:55 
flor18.bsi      13438   9-05-97  13:55 
flor19.bsi      13438   9-05-97  13:55 
flor20.bsi      13438   9-05-97  13:55 
flor21.bsi      13438   9-17-97  11:32 
fur1.bsi        13438   8-25-97  10:40 
gras03.bsi      13438   8-25-97  10:40 
grass02.bsi     13438   8-25-97  10:40 
grass03.bsi     13438   8-25-97  10:40 
grave1.bsi      13438   8-25-97  10:40 
hedx09.bsi      13438   9-17-97  10:53 
hedz07.bsi      13438   9-05-97  13:54 
inin01.bsi      13438   9-18-97  12:56 
kepent.bsi      13438   8-25-97  10:40 
kepent2.bsi     13438   8-25-97  10:40 
keyhole3.bsi    13438   8-25-97  10:40 
lans1.bsi       13438   8-25-97  10:41 
lans2.bsi       13438   8-26-97  16:53 
lans3.bsi       13438   8-25-97  10:41 
lev1.bsi        13438   8-25-97  10:41 
marb1.bsi       13438   8-25-97  10:41 
marb2.bsi       13438   8-25-97  10:41 
marble1.bsi     13438   8-25-97  10:41 
marble2.bsi     13438   8-25-97  10:41 
metl05.bsi      13438   9-24-97  14:33 
metl06.bsi      13438   9-24-97  14:48 
metl07.bsi      13438   9-24-97  15:04 
mntn04.bsi      13438   9-30-97  12:55 
mntn05.bsi      13438   9-30-97  12:55 
pent.bsi        13438   8-25-97  10:41 
pila00.bsi      13438   8-25-97  10:45 
pilr07.bsi      13438   9-09-97  10:26 
pilr08.bsi      13438   9-10-97  14:24 
pilr10.bsi      13438   9-16-97  13:33 
pilr11.bsi      13438   9-16-97  14:05 
presto2.bsi     13438   8-25-97  10:41 
red.bsi         13438   8-25-97  10:41 
restart.bsi     13438   8-25-97  10:41 
roof03.bsi      13438   8-25-97  10:46 
roof04.bsi      13438   8-25-97  10:46 
roof05.bsi      13438   8-25-97  10:46 
roof06.bsi      13438   8-25-97  10:46 
rstart.bsi      13438   8-25-97  10:41 
sand10.bsi      13438   8-26-97   7:38 
sand11.bsi      13438   8-26-97   7:38 
sheet1.bsi      13438   8-25-97  10:41 
shell.bsi       13438   8-25-97  10:46 
sky002.bsi      13438   8-25-97  10:49 
sky_02.bsi      13438   8-25-97  10:49 
smth02.bsi      13438   9-18-97   7:35 
smth05.bsi      13438   9-18-97   7:35 
soup.bsi        13438   8-25-97  10:41 
steel02.bsi     13438   8-25-97  10:41 
stone03.bsi     13438   8-25-97  10:41 
stone04.bsi     13438   8-25-97  10:41 
swirl.bsi       13438   8-25-97  10:41 
swirl2.bsi      13438   8-25-97  10:41 
tile14.bsi      13438   9-16-97  14:53 
tiles.bsi       13438   8-25-97  10:46 
tree.bsi        13438   8-25-97  10:41 
tureye.bsi      13438   8-25-97  10:46 
turtle.bsi      13438   8-25-97  10:46 
under.bsi       13438   8-25-97  10:46 
wal12b.bsi      13438   8-25-97  10:42 
wall00.bsi      13438   9-04-97  11:33 
wall12b.bsi     13438   9-04-97  11:33 
wall13.bsi      13438   9-04-97  11:33 
wall30.bsi      13438   9-04-97  11:33 
watfals1.bsi    13438   8-25-97  10:42 
watfals2.bsi    13438   8-25-97  10:42 
watfals3.bsi    13438   8-25-97  10:42 
whel00.bsi      13438   9-09-97  14:59 
wier00.bsi      13438   8-25-97  10:47 
wino10.bsi      13438   8-25-97  10:47 
wood07.bsi      13438   8-25-97  10:42 
wood08.bsi      13438   8-25-97  10:42 
wood09.bsi      13438   8-25-97  10:42 
wood10.bsi      13438   8-25-97  10:42 
wood11.bsi      13438   8-25-97  10:42 
wood12.bsi      13438   8-25-97  10:42 
wood13.bsi      13438   8-25-97  10:42 
wood14.bsi      13438   8-25-97  10:42 
wood15.bsi      13438   8-25-97  10:42 
wood16.bsi      13438   8-25-97  10:42 
wood17.bsi      13438   8-25-97  10:42 
wood18.bsi      13438   8-25-97  10:42 
pilr09.bsi      13470   9-10-97  14:23 
grev00.bsi      13502   9-08-97  12:00 
rmae04.bsi      13525   8-01-97  16:13 
back02.bsi      13542   7-03-97  10:39 
back03.bsi      13542   7-03-97  10:39 
load.bsi        13558   9-18-97  18:59 
save.bsi        13558   9-18-97  19:00 
verd93.bsi      13560   9-23-95  11:10 
fbhr04.bsi      13568   7-03-97  10:39 
verd91.bsi      13619   9-23-95  11:10 
tbls1.bsi       13662   8-24-97  18:35 
fpnts108.bsi    13691   9-18-97  11:00 
mgrev451.bsi    13720   9-18-97  11:00 
mgrev452.bsi    13720   9-23-97  14:18 
mgrev453.bsi    13720   9-23-97  14:18 
mgrev454.bsi    13720   9-23-97  14:18 
rfee04.bsi      13741   8-01-97  17:24 
mgrev450.bsi    13769   9-18-97  11:00 
bfee04.bsi      13802   8-01-97  17:24 
mgrev455.bsi    13809   9-23-97  14:18 
vers94.bsi      13905   9-23-95  11:10 
bmae04.bsi      13912   8-11-97  13:23 
bfec04.bsi      13982   7-23-97  19:47 
scrl00.bsi      13998   8-12-97  16:36 
dred91.bsi      14072   9-23-95  11:42 
fpnts109.bsi    14119   9-18-97  11:00 
mdkhr012.bsi    14226   8-14-97  21:51 
bmac04.bsi      14244   8-11-97  13:22 
rmac04.bsi      14244   8-01-97  16:12 
cbnt01.bsi      14270   8-25-97  10:43 
mdkhr005.bsi    14347   8-14-97  21:51 
mwdhr005.bsi    14347   1-03-95   1:20 
mwdhr013.bsi    14367   1-03-95   1:20 
mhihr017.bsi    14374   8-14-97  21:52 
mwdhr011.bsi    14374   1-03-95   1:20 
mwdhr014.bsi    14374   1-03-95   1:20 
mbrhr011.bsi    14379   8-14-97  21:49 
mnohr015.bsi    14379   8-14-97  21:52 
optn03.bsi      14412   8-25-97  15:36 
optn01.bsi      14418   8-25-97  15:36 
mrdhr014.bsi    14452   8-14-97  21:51 
mbrhr003.bsi    14454   8-14-97  21:49 
mnohr003.bsi    14454   8-14-97  21:52 
1cnt01.bsi      14462   8-24-97  19:03 
1cnt02.bsi      14462   8-24-97  19:03 
1cnt03.bsi      14462   8-24-97  19:03 
1cnt04.bsi      14462   8-24-97  19:03 
1cnt05.bsi      14462   8-24-97  19:03 
1cnt06.bsi      14462   8-25-97  10:51 
skld04.bsi      14465   7-29-97  10:49 
dres93.bsi      14477   9-23-95  11:42 
optn02.bsi      14502   8-25-97  15:36 
mbrhr007.bsi    14510   8-14-97  21:49 
mdkhr015.bsi    14517   8-14-97  21:51 
mhihr013.bsi    14517   8-14-97  21:52 
keyhole4.bsi    14526   8-25-97  10:40 
mrdhr002.bsi    14526   8-14-97  21:51 
optn06.bsi      14542   8-25-97  15:36 
optn00.bsi      14559   8-25-97  15:36 
optn09.bsi      14559   8-25-97  15:36 
mhihr016.bsi    14578   8-14-97  21:52 
vers93.bsi      14587   9-23-95  11:10 
wthd04.bsi      14606  10-03-97  16:11 
rfed04.bsi      14632   7-23-97  19:38 
verd92.bsi      14649   9-23-95  11:10 
mdkhr014.bsi    14662   8-14-97  21:51 
mwdhr012.bsi    14662   1-03-95   1:20 
fdkhr003.bsi    14670   8-15-97   7:52 
mnohr014.bsi    14671   8-14-97  21:52 
optn05.bsi      14672   8-25-97  15:36 
mbrhr009.bsi    14702   8-14-97  21:49 
mhihr005.bsi    14702   8-14-97  21:52 
scrl01.bsi      14706   8-12-97  16:36 
mhihr015.bsi    14732   8-14-97  21:52 
mrdhr008.bsi    14744   8-14-97  21:51 
scrl03.bsi      14746   8-12-97  16:36 
mdkhr016.bsi    14809   8-14-97  21:51 
fhihr003.bsi    14817   8-15-97   7:52 
mbrhr000.bsi    14817   8-14-97  21:49 
bfed04.bsi      14841   7-23-97  19:44 
mnohr009.bsi    14872   8-14-97  21:52 
mbrhr006.bsi    14890   8-14-97  21:49 
mnohr006.bsi    14890   8-14-97  21:52 
mrdhr003.bsi    14890   8-14-97  21:51 
fwdhr003.bsi    14892   1-03-95   1:23 
mbrhr001.bsi    14963   8-14-97  21:49 
mrdhr015.bsi    15022   8-14-97  21:51 
mbrhr008.bsi    15030   8-14-97  21:49 
frdhr012.bsi    15040   1-03-95   1:23 
mnohr007.bsi    15040   8-14-97  21:52 
mrdhr012.bsi    15040   8-14-97  21:51 
fdkhr015.bsi    15082   8-15-97   7:52 
mnohr012.bsi    15109   8-14-97  21:52 
mrdhr001.bsi    15109   8-14-97  21:51 
vers92.bsi      15232   9-23-95  11:10 
mnohr001.bsi    15262   8-14-97  21:52 
mbrhr002.bsi    15267   8-14-97  21:49 
fwdhr017.bsi    15328   1-03-95   1:23 
mhihr012.bsi    15342   8-14-97  21:52 
mnohr008.bsi    15342   8-14-97  21:52 
mrdhr004.bsi    15342   8-14-97  21:51 
fhihr017.bsi    15346   8-15-97   7:52 
sdcd04.bsi      15356   7-29-97  11:34 
keybrd.bsi      15358   8-25-97  10:40 
mdkhr001.bsi    15414   8-14-97  21:51 
mrdhr000.bsi    15422   8-14-97  21:51 
blod00.bsi      15424   7-22-97  14:42 
mnohr000.bsi    15425   8-14-97  21:52 
mdkhr013.bsi    15462   8-14-97  21:51 
mhlmt539.bsi    15479   9-18-97  11:00 
door03.bsi      15486   8-25-97  10:43 
mnohr002.bsi    15502   8-14-97  21:52 
mdkhr006.bsi    15506   8-14-97  21:51 
mrdhr007.bsi    15567   8-14-97  21:51 
mhihr006.bsi    15573   8-14-97  21:52 
mwdhr006.bsi    15573   1-03-95   1:20 
bmad04.bsi      15592   8-11-97  13:20 
rmad04.bsi      15592   8-01-97  16:10 
mbrhr010.bsi    15632   8-14-97  21:49 
mnohr013.bsi    15632   8-14-97  21:52 
mnohr011.bsi    15642   8-14-97  21:52 
rmaz04.bsi      15659   8-13-97  12:08 
mwdhr001.bsi    15666   1-03-95   1:20 
mboot468.bsi    15675   9-18-97  11:00 
mnohr010.bsi    15693   8-14-97  21:52 
mhihr002.bsi    15706   8-14-97  21:52 
mrdhr006.bsi    15706   8-14-97  21:51 
bmaz04.bsi      15726   8-13-97  12:08 
rmab04.bsi      15732   8-01-97  16:13 
fnohr012.bsi    15733   8-15-97   7:52 
frdhr011.bsi    15733   1-03-95   1:23 
fwdhr005.bsi    15733   1-03-95   1:23 
fhihr008.bsi    15738   8-15-97   7:52 
fwdhr008.bsi    15738   1-03-95   1:23 
mdkhr009.bsi    15738   8-14-97  21:51 
fire11.bsi      15744   8-26-97  15:09 
bmab04.bsi      15767   8-11-97  13:23 
mrdhr013.bsi    15782   8-14-97  21:51 
bfez04.bsi      15804   8-13-97  12:09 
rfez04.bsi      15804   8-13-97  12:09 
fnohr011.bsi    15810   8-15-97   7:52 
mdag01.bsi      15812   7-03-97  10:39 
fbrhr011.bsi    15816   8-15-97   7:51 
fdkhr008.bsi    15816   8-15-97   7:52 
mdkhr007.bsi    15820   8-14-97  21:51 
mhihr007.bsi    15820   8-14-97  21:52 
mrdhr011.bsi    15854   8-14-97  21:51 
bfeb04.bsi      15859   7-23-97  19:47 
rfeb04.bsi      15864   7-23-97  19:41 
mhihr009.bsi    15878   8-14-97  21:52 
mwdhr002.bsi    15887   1-03-95   1:20 
mbrhr004.bsi    15894   8-14-97  21:49 
mrdhr005.bsi    15894   8-14-97  21:51 
mnohr004.bsi    15899   8-14-97  21:52 
mgaun340.bsi    15906   9-23-97  14:18 
frdhr013.bsi    15912   1-03-95   1:23 
mdkhr003.bsi    15912   8-14-97  21:51 
mdkhr004.bsi    15912   8-14-97  21:51 
dres92.bsi      15920   9-23-95  11:42 
fbrhr022.bsi    15942   9-10-97  18:36 
fdkhr005.bsi    15954   8-15-97   7:52 
mhlmt537.bsi    15959   9-18-97  11:00 
fwdhr019.bsi    15964   1-03-95   1:23 
mwdhr009.bsi    15964   1-03-95   1:20 
mrdhr009.bsi    15972   8-14-97  21:51 
mwdhr007.bsi    15984   1-03-95   1:20 
mhlmt534.bsi    16002   9-18-97  11:00 
fdkhr010.bsi    16017   8-15-97   7:52 
fnohr003.bsi    16017   8-15-97   7:52 
mhlmt533.bsi    16034   9-23-97  14:18 
mhlmt535.bsi    16034   9-18-97  11:00 
mhlmt536.bsi    16034   9-18-97  11:00 
mdkhr002.bsi    16041   8-14-97  21:51 
fram00.bsi      16042   7-03-97  10:39 
fbrhr006.bsi    16057   8-15-97   7:51 
fhihr005.bsi    16057   8-15-97   7:52 
fnohr007.bsi    16057   8-15-97   7:52 
frdhr006.bsi    16057   1-03-95   1:23 
fwdhr018.bsi    16057   1-03-95   1:23 
frdhr010.bsi    16062   1-03-95   1:23 
dres91.bsi      16069   9-23-95  11:42 
mhihr003.bsi    16076   8-14-97  21:52 
fhihr010.bsi    16092   8-15-97   7:52 
mhihr004.bsi    16092   8-14-97  21:52 
fbrhr003.bsi    16118   8-15-97   7:51 
mwdhr010.bsi    16128   1-03-95   1:20 
fhihr018.bsi    16136   8-15-97   7:52 
fnohr010.bsi    16148   8-15-97   7:52 
frdhr009.bsi    16148   1-03-95   1:23 
mhlmt538.bsi    16148   9-18-97  11:00 
mhihr001.bsi    16150   8-14-97  21:52 
fnohr006.bsi    16167   8-15-97   7:52 
frdhr003.bsi    16167   1-03-95   1:23 
fnohr013.bsi    16182   8-15-97   7:52 
mhlmt530.bsi    16184   9-18-97  11:00 
fhlmt507.bsi    16190   9-18-97  11:00 
fwdhr010.bsi    16195   1-03-95   1:23 
fnohr023.bsi    16206   9-10-97  18:36 
fdkhr016.bsi    16215   8-15-97   7:52 
drea94.bsi      16233   9-23-95  11:42 
mgaun341.bsi    16234   9-23-97  14:18 
mgaun342.bsi    16234   9-23-97  14:18 
mgaun343.bsi    16234   9-23-97  14:18 
mgaun344.bsi    16234   9-23-97  14:18 
fbrhr015.bsi    16258   9-10-97  18:36 
fnohr016.bsi    16258   9-10-97  18:40 
mbplb262.bsi    16266   7-03-97  10:39 
fbrhr012.bsi    16284   8-15-97   7:51 
fdkhr018.bsi    16308   8-15-97   7:51 
fhlmt509.bsi    16315   9-18-97  11:00 
fhlmt510.bsi    16315   9-18-97  11:00 
mwdhr003.bsi    16317   1-03-95   1:20 
fhlmt506.bsi    16343   9-23-97  14:17 
vers91.bsi      16358   9-23-95  11:10 
mwdhr004.bsi    16362   1-03-95   1:20 
fhlmt505.bsi    16367   9-18-97  11:00 
mwdhr008.bsi    16372   1-03-95   1:20 
fbrhr010.bsi    16389   8-15-97   7:51 
fwdhr020.bsi    16398   1-03-95   1:23 
fhlmt502.bsi    16415   9-18-97  11:00 
fhihr019.bsi    16426   8-15-97   7:52 
smpd92.bsi      16426   9-23-95  11:08 
fbrhr000.bsi    16462   8-15-97   7:50 
fdkhr000.bsi    16462   8-15-97   7:51 
fhihr000.bsi    16462   8-15-97   7:52 
fnohr000.bsi    16462   8-15-97   7:52 
frdhr000.bsi    16462   1-03-95   1:23 
mdkhr010.bsi    16467   8-14-97  21:51 
smps92.bsi      16467   9-23-95  11:08 
fbrhr009.bsi    16482   8-15-97   7:51 
smps90.bsi      16492   9-23-95  11:08 
fhihr012.bsi    16503   8-15-97   7:52 
fwdhr012.bsi    16503   1-03-95   1:23 
fdkhr017.bsi    16531   8-15-97   7:52 
fboot400.bsi    16533   9-18-97  10:59 
mdkhr008.bsi    16542   8-14-97  21:51 
ghts04.bsi      16545  10-03-97  16:11 
fhlmt503.bsi    16559   9-23-97  14:17 
fhlmt504.bsi    16559   9-23-97  14:17 
bfec03.bsi      16622   7-23-97  19:47 
mhihr008.bsi    16657   8-14-97  21:52 
fdad04.bsi      16658   7-29-97  18:44 
post.bsi        16766   8-25-97  10:41 
fems02.bsi      16775   5-09-97  12:45 
fwdhr000.bsi    16812   1-03-95   1:23 
smps91.bsi      16830   9-23-95  11:08 
flam00.bsi      16834   8-26-97  15:15 
icdd04.bsi      16839   7-29-97  12:16 
mrdhr010.bsi    16847   8-14-97  21:51 
dred04.bsi      16906   8-18-97  14:52 
smpd91.bsi      16942   9-23-95  11:08 
freeze.bsi      16958   8-13-97  12:07 
bfee03.bsi      16986   8-01-97  17:24 
fwdhr004.bsi    17005   1-03-95   1:23 
wall03.bsi      17047   9-04-97  11:33 
fdkhr014.bsi    17061   8-15-97   7:52 
fhihr016.bsi    17061   8-15-97   7:52 
fnohr009.bsi    17061   8-15-97   7:52 
frdhr008.bsi    17061   1-03-95   1:23 
fwdhr016.bsi    17061   1-03-95   1:23 
wths04.bsi      17078  10-03-97  16:12 
rfee03.bsi      17081   8-01-97  17:24 
fhihr011.bsi    17082   8-15-97   7:52 
fdkhr011.bsi    17085   8-15-97   7:52 
frdhr015.bsi    17118   9-10-97  18:36 
fdkhr020.bsi    17214   9-10-97  18:40 
fhihr021.bsi    17214   9-10-97  18:40 
fwdhr022.bsi    17214   9-10-97  18:36 
fhihr004.bsi    17220   8-15-97   7:52 
dres90.bsi      17247   9-23-95  11:42 
fwdhr011.bsi    17262   1-03-95   1:23 
rmae03.bsi      17292   8-01-97  16:13 
fdkhr013.bsi    17350   8-15-97   7:52 
fhihr015.bsi    17350   8-15-97   7:52 
fdkhr026.bsi    17361   9-10-97  18:40 
fhihr027.bsi    17361   9-10-97  18:40 
frdhr021.bsi    17361   9-10-97  18:36 
fbrhr021.bsi    17378   9-10-97  18:36 
fnohr022.bsi    17378   9-10-97  18:36 
fwdhr028.bsi    17378   9-10-97  18:40 
fbrst263.bsi    17396   9-18-97  10:59 
mdkhr011.bsi    17400   8-14-97  21:51 
bmac03.bsi      17438   8-11-97  13:22 
fbrhr005.bsi    17438   8-15-97   7:51 
frdhr005.bsi    17438   1-03-95   1:23 
fwdhr006.bsi    17438   1-03-95   1:23 
fwdhr015.bsi    17441   1-03-95   1:23 
mhihr000.bsi    17442   8-14-97  21:52 
mhihr011.bsi    17442   8-14-97  21:52 
mwdhr000.bsi    17442   1-03-95   1:20 
fbrhr019.bsi    17502   9-10-97  18:36 
fdkhr024.bsi    17502   9-10-97  18:40 
fhihr025.bsi    17502   9-10-97  18:40 
fnohr020.bsi    17502   9-10-97  18:36 
fwdhr026.bsi    17502   9-10-97  18:36 
pilr01.bsi      17502   9-09-97   8:56 
fdkhr002.bsi    17504   8-15-97   7:52 
fhihr002.bsi    17504   8-15-97   7:52 
1dem02.bsi      17526   7-03-97  15:15 
1wall1.bsi      17526   6-16-97  18:30 
corl01.bsi      17526   5-15-97  17:59 
corl02.bsi      17526   5-15-97  17:59 
crat01.bsi      17526   5-15-97  17:59 
fhihr006.bsi    17526   8-15-97   7:52 
fuck.bsi        17526   6-17-97  11:00 
hay03.bsi       17526   6-09-97  19:21 
metl01.bsi      17526   5-15-97  17:54 
pill01.bsi      17526   5-15-97  17:54 
rmac03.bsi      17526   8-01-97  16:12 
stel01.bsi      17526   5-15-97  17:58 
stel04.bsi      17526   5-15-97  17:58 
ston01.bsi      17526   5-15-97  17:57 
ston02.bsi      17526   5-15-97  17:57 
ston05.bsi      17526   5-15-97  17:57 
strbak.bsi      17526   5-15-97  17:54 
watf1b.bsi      17526   5-15-97  17:56 
watf2b.bsi      17526   5-15-97  17:56 
watf3b.bsi      17526   5-15-97  17:56 
fdkhr006.bsi    17530   8-15-97   7:52 
boards.bsi      17532   8-25-97  10:40 
mdkhr000.bsi    17532   8-14-97  21:51 
1rug02.bsi      17534   8-24-97  19:03 
1wal05.bsi      17534   8-24-97  19:03 
1wal06.bsi      17534   8-24-97  19:03 
basket.bsi      17534   8-25-97  10:40 
beds00.bsi      17534   8-25-97  10:43 
bed_00.bsi      17534   8-25-97  10:43 
brdg01.bsi      17534   9-29-97  19:05 
brdg03.bsi      17534  10-02-97  17:58 
brdg04.bsi      17534  10-01-97   9:04 
brdg05.bsi      17534  10-01-97  12:05 
brdg06.bsi      17534  10-01-97  14:55 
brdg09.bsi      17534  10-02-97  17:58 
brdg10.bsi      17534  10-02-97  17:58 
coff03.bsi      17534   8-25-97  10:43 
corr10.bsi      17534   9-03-97  13:13 
corr11.bsi      17534   9-03-97  13:13 
corr12.bsi      17534   9-03-97  13:13 
corr13.bsi      17534   9-03-97  13:13 
corr14.bsi      17534   9-03-97  13:13 
corr15.bsi      17534   9-03-97  13:13 
corr16.bsi      17534   9-03-97  13:13 
corr17.bsi      17534   9-03-97  13:13 
corr18.bsi      17534   9-03-97  13:13 
corr19.bsi      17534   9-03-97  13:13 
corr20.bsi      17534   9-03-97  13:13 
corr21.bsi      17534   9-03-97  13:13 
corr22.bsi      17534   9-03-97  13:13 
corr23.bsi      17534   9-03-97  13:13 
corr24.bsi      17534   9-03-97  13:13 
corr25.bsi      17534   9-03-97  13:13 
corr26.bsi      17534   9-03-97  13:13 
corr27.bsi      17534   9-03-97  13:13 
corr28.bsi      17534   9-03-97  13:13 
corr29.bsi      17534   9-03-97  13:13 
corr30.bsi      17534   9-03-97  13:13 
corr31.bsi      17534   9-03-97  13:13 
corr32.bsi      17534   9-03-97  13:13 
door00.bsi      17534   8-26-97   7:38 
door01.bsi      17534   8-26-97   8:52 
door02.bsi      17534   8-25-97  10:43 
door04.bsi      17534   8-25-97  10:43 
flor23.bsi      17534   9-29-97  18:29 
hedz06.bsi      17534   9-05-97  13:54 
hedz11.bsi      17534   9-17-97  14:25 
hedz12.bsi      17534   9-17-97  15:05 
hedz13.bsi      17534   9-30-97  15:24 
hous00.bsi      17534   8-25-97  10:45 
hous01.bsi      17534   8-25-97  10:45 
hous02.bsi      17534   8-25-97  10:45 
hous05.bsi      17534   9-23-97   9:43 
hous06.bsi      17534   9-23-97   9:44 
manwin.bsi      17534   8-25-97  10:41 
pilr00.bsi      17534   9-09-97   8:56 
pilr02.bsi      17534   9-09-97   8:56 
pilr03.bsi      17534   9-09-97   8:56 
pilr04.bsi      17534   9-09-97   8:56 
pyln00.bsi      17534  10-01-97   8:33 
redwod.bsi      17534   8-25-97  10:41 
rock02.bsi      17534   9-08-97  15:27 
tabl00.bsi      17534   8-25-97  10:46 
tabl01.bsi      17534   8-25-97  10:46 
tabl02.bsi      17534   8-25-97  10:46 
wall06.bsi      17534   9-04-97  11:33 
wall54.bsi      17534   9-04-97  11:33 
wier02.bsi      17534   8-25-97  10:47 
wier04.bsi      17534   8-25-97  10:47 
wood20.bsi      17534   8-25-97  10:47 
wwal00.bsi      17534   8-25-97  10:47 
dres04.bsi      17566   8-18-97  14:52 
rfer04.bsi      17580   7-23-97  19:41 
frdhr019.bsi    17587   9-10-97  18:36 
bmae03.bsi      17612   8-11-97  13:23 
book.bsi        17622   8-12-97  16:36 
fdkhr012.bsi    17622   8-15-97   7:52 
fhihr013.bsi    17622   8-15-97   7:52 
fnohr005.bsi    17622   8-15-97   7:52 
bfer04.bsi      17627   7-23-97  19:47 
frdhr007.bsi    17658   1-03-95   1:23 
mbotb460.bsi    17660   7-03-97  10:39 
alta01.bsi      17662   8-25-97  10:42 
alta02.bsi      17662   8-25-97  10:42 
alta03.bsi      17662   8-25-97  10:42 
alta04.bsi      17662   8-25-97  10:42 
alta05.bsi      17662   8-25-97  10:42 
sign.bsi        17662   8-25-97  10:41 
fbrhr008.bsi    17684   8-15-97   7:51 
fwdhr013.bsi    17712   1-03-95   1:23 
brdr01.bsi      17734   9-12-97  18:24 
mhihr010.bsi    17770   8-14-97  21:52 
fdkhr004.bsi    17788   8-15-97   7:52 
fram01.bsi      17807   7-03-97  10:39 
mbplb260.bsi    17845   7-03-97  10:39 
fwdhr002.bsi    17847   1-03-95   1:23 
smpd04.bsi      17847   8-04-97  17:16 
skld03.bsi      17862   7-29-97  10:49 
fnohr008.bsi    17927   8-15-97   7:52 
fwpns600.bsi    18005   9-18-97  11:00 
fbrhr007.bsi    18012   8-15-97   7:51 
vera94.bsi      18014   9-23-95  11:10 
rfeb03.bsi      18016   7-23-97  19:41 
rmar04.bsi      18028   8-01-97  16:13 
sail.bsi        18046   8-25-97  10:41 
bmar04.bsi      18075   8-11-97  13:23 
bfeb03.bsi      18113   7-23-97  19:47 
sdcd03.bsi      18116   7-29-97  11:34 
fwdhr025.bsi    18169   9-10-97  18:36 
smps04.bsi      18174   8-04-97  17:18 
sdcs04.bsi      18179   7-29-97  11:35 
fbrhr020.bsi    18200   9-10-97  18:36 
fnohr021.bsi    18200   9-10-97  18:36 
fems01.bsi      18231   5-09-97  12:45 
fdkhr023.bsi    18260   9-10-97  18:40 
fhihr024.bsi    18260   9-10-97  18:40 
drew94.bsi      18311   9-23-95  11:42 
book3.bsi       18329   8-25-97  10:40 
mboot461.bsi    18348   9-18-97  11:00 
frdhr018.bsi    18351   9-10-97  18:36 
ghtd04.bsi      18406  10-03-97  16:11 
rfed03.bsi      18430   7-23-97  19:38 
mhihr014.bsi    18458   8-14-97  21:52 
fwdhr034.bsi    18509   9-29-97  10:59 
fbrhr002.bsi    18544   8-15-97   7:51 
fnohr002.bsi    18544   8-15-97   7:52 
frdhr002.bsi    18544   1-03-95   1:23 
fbush1.bsi      18558   8-25-97  10:44 
skls04.bsi      18629   7-29-97  10:51 
fdkhr007.bsi    18652   8-15-97   7:52 
fhihr007.bsi    18652   8-15-97   7:52 
fwdhr007.bsi    18652   1-03-95   1:23 
bfed03.bsi      18702   7-23-97  19:44 
fdkhr027.bsi    18735   9-10-97  18:40 
fhihr028.bsi    18735   9-10-97  18:40 
frdhr022.bsi    18735   9-10-97  18:36 
fwdhr029.bsi    18735   9-10-97  18:40 
rmab03.bsi      18777   8-01-97  16:13 
bmac01.bsi      18822   8-11-97  13:22 
rmac01.bsi      18822   8-01-97  16:12 
fwdhr027.bsi    18825   9-10-97  18:40 
fbrhr023.bsi    18828   9-10-97  18:36 
fnohr024.bsi    18828   9-10-97  18:36 
bfej04.bsi      18912   8-13-97  12:10 
fdkhr025.bsi    18912   9-11-97   8:50 
fhihr026.bsi    18912   9-11-97   8:50 
frdhr020.bsi    18912   9-10-97  18:36 
rfej04.bsi      18912   8-13-97  12:10 
fnohr004.bsi    18921   8-15-97   7:52 
fnohr019.bsi    18945   9-10-97  18:36 
fbrhr018.bsi    19042   9-10-97  18:36 
drea93.bsi      19122   9-23-95  11:42 
sdcd01.bsi      19140   7-29-97  11:34 
fwdhr009.bsi    19152   1-03-95   1:23 
bfej03.bsi      19167   8-13-97  12:10 
rfej03.bsi      19167   8-13-97  12:10 
fbrhr004.bsi    19186   8-15-97   7:51 
fdkhr009.bsi    19242   8-15-97   7:52 
fhihr009.bsi    19242   8-15-97   7:52 
fhihr014.bsi    19261   8-15-97   7:52 
frdhr004.bsi    19261   1-03-95   1:23 
fwdhr014.bsi    19261   1-03-95   1:23 
bmab03.bsi      19280   8-11-97  13:23 
fwdhr030.bsi    19430   9-29-97  10:59 
fema04.bsi      19442   5-09-97  12:44 
rfet04.bsi      19465   7-23-97  19:41 
bmaj04.bsi      19494   8-13-97  12:10 
rmaj04.bsi      19494   8-13-97  12:10 
rmat04.bsi      19497   8-01-97  16:13 
bmat04.bsi      19535   8-11-97  13:23 
fwdhr031.bsi    19539   9-29-97  10:59 
fwdhr033.bsi    19543   9-29-97  10:59 
bmad03.bsi      19617   8-11-97  13:20 
rmad03.bsi      19617   8-01-97  16:10 
fbrhr014.bsi    19638   9-10-97  18:36 
fnohr015.bsi    19638   9-10-97  18:40 
farmb313.bsi    19684   9-23-97  14:17 
fbrst265.bsi    19860   9-23-97  14:17 
bfet04.bsi      19870   7-23-97  19:47 
fdkhr001.bsi    19942   8-15-97   7:52 
vers90.bsi      20028   9-23-95  11:10 
fbrst266.bsi    20066   9-23-97  14:17 
fbrst267.bsi    20066   9-23-97  14:17 
fhlmt501.bsi    20069   9-18-97  11:00 
rfee02.bsi      20079   8-01-97  17:24 
rfeb02.bsi      20094   7-23-97  19:41 
sdcs03.bsi      20124   7-29-97  11:35 
farmb312.bsi    20160   9-18-97  10:59 
fbrst264.bsi    20167   9-23-97  14:17 
fhlmt508.bsi    20174   9-23-97  14:17 
fbrst262.bsi    20208   9-23-97  14:17 
bfec01.bsi      20222   7-23-97  19:46 
fbrst261.bsi    20224   9-23-97  14:17 
bfec02.bsi      20250   7-23-97  19:46 
mboot467.bsi    20263   9-18-97  11:00 
vatasha.bsi     20264   9-08-97  10:22 
bfeb02.bsi      20303   7-23-97  19:47 
moon4.bsi       20350   8-25-97  10:41 
sign2.bsi       20350   8-25-97  10:41 
fbrhr001.bsi    20351   8-15-97   7:50 
fhihr001.bsi    20351   8-15-97   7:52 
fnohr001.bsi    20351   8-15-97   7:52 
frdhr001.bsi    20351   1-03-95   1:23 
fwdhr001.bsi    20351   1-03-95   1:23 
wthd03.bsi      20353  10-03-97  16:11 
dred03.bsi      20358   8-18-97  14:52 
fshrt214.bsi    20416   9-18-97  11:00 
fbrst260.bsi    20434   9-18-97  10:59 
vera93.bsi      20476   9-23-95  11:10 
drew93.bsi      20477   9-23-95  11:42 
ghtd03.bsi      20502  10-03-97  16:11 
vatchild.bsi    20518  10-06-97  15:40 
bmae02.bsi      20525   8-11-97  13:23 
rmac02.bsi      20574   8-01-97  16:12 
clnd04.bsi      20592   9-29-97  17:58 
mhlmt531.bsi    20611   9-18-97  11:00 
sdcd02.bsi      20734   7-29-97  11:34 
fbrhr017.bsi    20775   9-10-97  18:36 
bfee02.bsi      20780   8-01-97  17:24 
bmac02.bsi      20782   8-11-97  13:22 
fbrhr016.bsi    20782   9-10-97  18:36 
fnohr017.bsi    20782   9-10-97  18:36 
fplc03.bsi      20862   8-25-97  10:44 
rfer03.bsi      20865   7-23-97  19:41 
wthd02.bsi      20876  10-03-97  16:11 
fhihr022.bsi    20886   9-10-97  18:40 
fhihr023.bsi    20886   9-10-97  18:40 
fnohr018.bsi    20886   9-10-97  18:36 
frdhr016.bsi    20886   9-10-97  18:36 
frdhr017.bsi    20886   9-10-97  18:36 
fwdhr023.bsi    20886   9-10-97  18:36 
fwdhr024.bsi    20886   9-10-97  18:36 
fpit02.bsi      20898   8-25-97  10:44 
bmaj03.bsi      20899   8-13-97  12:10 
rmaj03.bsi      20899   8-13-97  12:10 
fbush3.bsi      20934   8-25-97  10:44 
wthd01.bsi      20967  10-03-97  16:11 
fdkhr021.bsi    20990   9-10-97  18:40 
fdkhr022.bsi    20990   9-10-97  18:40 
fwdhr032.bsi    21005   9-29-97  10:59 
mhlmt532.bsi    21043   9-18-97  11:00 
mbplb261.bsi    21055   7-03-97  10:39 
rmae02.bsi      21073   8-01-97  16:13 
fbrhr013.bsi    21094   9-10-97  18:36 
fdkhr019.bsi    21094   9-10-97  18:40 
fhihr020.bsi    21094   9-10-97  18:40 
fnohr014.bsi    21094   9-10-97  18:40 
frdhr014.bsi    21094   9-10-97  18:36 
fwdhr021.bsi    21094   9-10-97  18:36 
rfee01.bsi      21097   8-01-97  17:24 
boots.bsi       21118   8-25-97  10:40 
bfee01.bsi      21144   8-01-97  17:24 
icdd03.bsi      21222   7-29-97  12:16 
ldsv01.bsi      21242   8-12-97  16:36 
verw94.bsi      21276   9-23-95  11:10 
skls03.bsi      21297   7-29-97  10:51 
fshrt212.bsi    21306   9-18-97  11:00 
fshrt216.bsi    21306   9-18-97  11:00 
bfer03.bsi      21316   7-23-97  19:47 
moon3.bsi       21374   8-25-97  10:41 
farmb310.bsi    21456   9-23-97  14:17 
farmb300.bsi    21501   9-18-97  10:59 
vers04.bsi      21510   9-04-97  13:45 
rmae00.bsi      21539   8-01-97  16:13 
rfeb01.bsi      21574   7-23-97  19:41 
l6win.bsi       21630   8-25-97  10:41 
wind4.bsi       21630   8-25-97  10:42 
bfeb01.bsi      21669   7-23-97  19:47 
farmb309.bsi    21672   9-23-97  14:17 
fems00.bsi      21736   5-09-97  12:45 
litening.bsi    21783   7-09-97  15:26 
rmab02.bsi      21837   8-01-97  16:13 
fshrt213.bsi    21838   9-18-97  11:00 
fskrt104.bsi    21866   9-18-97  11:00 
below.bsi       21886   8-25-97  10:40 
smpw94.bsi      21940   9-23-95  11:08 
fdad03.bsi      21990   7-29-97  18:44 
rmae01.bsi      22016   8-01-97  16:13 
josian.bsi      22042   9-08-97  10:22 
fire10.bsi      22054   8-25-97  10:48 
fbik02.bsi      22121   7-03-97  10:39 
smpa94.bsi      22122   9-23-95  11:08 
drea92.bsi      22187   9-23-95  11:42 
skld02.bsi      22262   7-29-97  10:49 
fskrt100.bsi    22294   9-18-97  11:00 
fhlmt512.bsi    22328   9-18-97  11:00 
rfet03.bsi      22345   7-23-97  19:41 
fhlmt511.bsi    22427   9-18-97  11:00 
optn04.bsi      22437   8-25-97  15:37 
dres03.bsi      22443   8-18-97  14:52 
fhlmt500.bsi    22459   9-18-97  11:00 
bmab02.bsi      22502   8-11-97  13:23 
bfet03.bsi      22511   7-23-97  19:47 
fplc00.bsi      22526   8-25-97  10:44 
bmae01.bsi      22605   8-11-97  13:23 
rmaz03.bsi      22614   8-13-97  12:08 
rishaal.bsi     22670   9-08-97  10:22 
sdcs02.bsi      22672   7-29-97  11:35 
wths03.bsi      22711  10-03-97  16:12 
bmac00.bsi      22782   8-11-97  13:22 
rmac00.bsi      22782   8-01-97  16:12 
fskrt101.bsi    22791   9-18-97  11:00 
fskrt103.bsi    22791   9-23-97  14:18 
bfez00.bsi      22854   8-13-97  12:09 
rfez00.bsi      22854   8-13-97  12:09 
rmab01.bsi      22886   8-01-97  16:13 
bmae00.bsi      23007   8-11-97  13:23 
bfee00.bsi      23033   8-01-97  17:24 
rfee00.bsi      23040   8-01-97  17:24 
fbik01.bsi      23064   7-03-97  10:39 
sdcs01.bsi      23096   7-29-97  11:35 
cbnt00.bsi      23106   8-25-97  10:43 
bmaz03.bsi      23127   8-13-97  12:08 
drea91.bsi      23145   9-23-95  11:42 
drew92.bsi      23150   9-23-95  11:42 
rmar03.bsi      23162   8-01-97  16:13 
fdas04.bsi      23184   7-29-97  18:48 
bmar03.bsi      23234   8-11-97  13:23 
vera92.bsi      23313   9-23-95  11:10 
fskrt102.bsi    23332   9-18-97  11:00 
ghtd02.bsi      23407  10-03-97  16:10 
icds04.bsi      23408   7-29-97  12:18 
skls02.bsi      23455   7-29-97  10:50 
bmab01.bsi      23502   8-11-97  13:23 
verw93.bsi      23530   9-23-95  11:10 
fshrt215.bsi    23788   9-18-97  11:00 
dsrd02.bsi      23796   9-25-97   9:11 
verd04.bsi      23809   9-04-97  13:45 
farmb301.bsi    23912   9-18-97  10:59 
rmat03.bsi      23932   8-01-97  16:13 
ghtd01.bsi      23943  10-03-97  16:10 
mwpns600.bsi    24029   9-18-97  11:00 
vers03.bsi      24080   9-04-97  13:45 
tortb.bsi       24190   8-25-97  10:41 
mbotb462.bsi    24296   7-03-97  10:39 
bfec00.bsi      24306   7-23-97  19:46 
skld01.bsi      24336   7-29-97  10:49 
rfed02.bsi      24342   7-23-97  19:38 
rfed01.bsi      24352   7-23-97  19:38 
bmat03.bsi      24395   8-11-97  13:23 
smpw93.bsi      24399   9-23-95  11:08 
rfez03.bsi      24424   8-13-97  12:09 
ghts03.bsi      24439  10-03-97  16:11 
land05.bsi      24447   8-13-97   9:44 
mbrst262.bsi    24447   9-18-97  11:00 
race00.bsi      24447   8-13-97  10:30 
race01.bsi      24447   8-13-97  10:30 
race02.bsi      24447   8-13-97  10:30 
race03.bsi      24447   8-13-97  10:30 
race04.bsi      24447   8-13-97  10:30 
rfer02.bsi      24514   7-23-97  19:41 
bfez03.bsi      24567   8-13-97  12:09 
vera91.bsi      24586   9-23-95  11:10 
bmad02.bsi      24687   8-11-97  13:20 
rmad02.bsi      24687   8-01-97  16:10 
bfed02.bsi      24744   7-23-97  19:44 
mass04.bsi      24906   8-18-97  12:10 
mlds04.bsi      25011   7-29-97  12:28 
mrds04.bsi      25045   8-18-97  12:19 
fbrst272.bsi    25060   9-18-97  10:59 
farmb305.bsi    25122   9-18-97  10:59 
farmb306.bsi    25122   9-18-97  10:59 
farmb307.bsi    25196   9-23-97  14:17 
farmb308.bsi    25196   9-23-97  14:17 
bfed01.bsi      25207   7-23-97  19:44 
clns04.bsi      25208   9-29-97  17:58 
dred02.bsi      25242   8-18-97  14:52 
hand.bsi        25342   9-08-97  17:53 
bfer02.bsi      25368   7-23-97  19:47 
drea04.bsi      25382   8-18-97  14:51 
fema03.bsi      25389   5-09-97  12:44 
icdd02.bsi      25392   7-29-97  12:16 
wths00.bsi      25397  10-03-97  16:12 
smpd03.bsi      25407   8-04-97  17:16 
smps03.bsi      25410   8-04-97  17:18 
farmb311.bsi    25485   9-23-97  14:17 
wood21.bsi      25598   8-25-97  10:47 
rfet02.bsi      25650   7-23-97  19:41 
1brg01.bsi      25726   8-25-97  10:52 
1ctbox.bsi      25726   8-24-97  19:03 
1dem01.bsi      25726   8-24-97  19:03 
1wal02.bsi      25726   8-24-97  19:03 
1wal03.bsi      25726   8-24-97  19:03 
1wal04.bsi      25726   8-24-97  19:03 
1wal08.bsi      25726   8-24-97  19:03 
anvil.bsi       25726   8-25-97  10:40 
anvtop.bsi      25726   8-25-97  10:40 
arch00.bsi      25726   8-25-97  10:42 
balon.bsi       25726   8-25-97  10:40 
blueteam.bsi    25726   8-12-97  16:39 
bluwal.bsi      25726   8-25-97  10:40 
bone01.bsi      25726   9-19-97   7:56 
bone1.bsi       25726   8-26-97  17:08 
bone02.bsi      25726   9-19-97   7:56 
bone2.bsi       25726   8-26-97  17:08 
bone03.bsi      25726   9-19-97   7:56 
brdg00.bsi      25726  10-02-97  11:27 
brdg08.bsi      25726  10-02-97   8:31 
brdg11.bsi      25726  10-02-97  17:04 
catb00.bsi      25726   9-11-97  16:42 
cbnt02.bsi      25726   9-18-97  11:18 
cell02.bsi      25726   9-11-97  12:14 
cell03.bsi      25726   9-11-97  12:14 
clay01.bsi      25726   8-25-97  10:40 
conc.bsi        25726   8-25-97  10:40 
coral01.bsi     25726   8-25-97  10:40 
coral02.bsi     25726   8-25-97  10:40 
corr00.bsi      25726   9-03-97  13:13 
corr01.bsi      25726   9-03-97  13:13 
corr02.bsi      25726   9-25-97  12:34 
corr03.bsi      25726   9-03-97  13:13 
corr04.bsi      25726   9-03-97  13:13 
corr05.bsi      25726   9-03-97  13:13 
corr06.bsi      25726   9-03-97  13:13 
corr07.bsi      25726   9-03-97  13:13 
corr08.bsi      25726   9-03-97  13:13 
corr09.bsi      25726   9-03-97  13:13 
corr33.bsi      25726   9-03-97  13:13 
corr34.bsi      25726   9-03-97  13:13 
corr35.bsi      25726   9-03-97  13:13 
corr36.bsi      25726   9-03-97  13:13 
corr37.bsi      25726   9-03-97  13:13 
corr38.bsi      25726   9-03-97  13:13 
corr39.bsi      25726   9-03-97  13:13 
corr40.bsi      25726   9-03-97  13:13 
corr41.bsi      25726   9-03-97  13:13 
corr42.bsi      25726   9-03-97  13:13 
crate01.bsi     25726   8-25-97  10:40 
crate02.bsi     25726   8-25-97  10:40 
door05.bsi      25726   8-26-97   9:47 
earth4.bsi      25726   9-08-97   9:39 
earth6.bsi      25726   8-25-97  10:40 
earth8.bsi      25726   8-25-97  10:40 
emback.bsi      25726   7-24-97  14:07 
emrld.bsi       25726   9-19-97  12:29 
fbush2.bsi      25726   8-25-97  10:44 
firpit.bsi      25726   8-25-97  10:40 
flor00.bsi      25726   9-05-97  13:55 
flor01.bsi      25726   9-05-97  13:55 
flor22.bsi      25726   9-25-97  17:19 
gears.bsi       25726   8-25-97  10:40 
gras01.bsi      25726   8-25-97  10:40 
grass01.bsi     25726   8-25-97  10:40 
grnd00.bsi      25726   9-05-97   9:34 
grnd01.bsi      25726   9-05-97   9:34 
grnd02.bsi      25726   9-05-97   9:34 
hay01.bsi       25726   8-25-97  10:40 
hedz00.bsi      25726   9-05-97  13:54 
hedz01.bsi      25726   9-05-97  13:54 
hedz02.bsi      25726   9-05-97  13:54 
hedz03.bsi      25726   9-05-97  13:54 
hedz04.bsi      25726   9-05-97  13:54 
hedz05.bsi      25726   9-05-97  13:54 
hedz08.bsi      25726   9-16-97  16:53 
hedz10.bsi      25726   9-17-97  12:16 
hous03.bsi      25726   8-25-97  10:45 
hous04.bsi      25726   8-25-97  10:45 
hous07.bsi      25726   9-23-97  10:00 
ice01.bsi       25726   8-25-97  10:40 
ice02.bsi       25726   8-25-97  10:40 
iron00.bsi      25726   8-26-97   6:36 
lanwal.bsi      25726   8-25-97  10:41 
lens1.bsi       25726   8-25-97  10:41 
lens2.bsi       25726   8-25-97  10:41 
lust01.bsi      25726   8-25-97  10:41 
lust02.bsi      25726   8-25-97  10:41 
lust06.bsi      25726   8-25-97  10:41 
metal01.bsi     25726   8-25-97  10:41 
mntn03.bsi      25726   9-30-97  12:55 
mtem01.bsi      25726   8-26-97  17:29 
mtem02.bsi      25726   8-26-97  17:29 
mtem03.bsi      25726   8-26-97  17:29 
mtemp01.bsi     25726   7-23-97  15:40 
mtemp02.bsi     25726   7-23-97  15:40 
mtemp03.bsi     25726   7-23-97  15:40 
newplay.bsi     25726   8-12-97  16:40 
patc3.bsi       25726   8-25-97  10:41 
patch.bsi       25726   8-25-97  10:41 
pillar01.bsi    25726   8-25-97  10:41 
pilr05.bsi      25726   9-09-97   8:56 
pilr06.bsi      25726   9-09-97   8:56 
pool1.bsi       25726   8-25-97  10:41 
pool2.bsi       25726   8-25-97  10:41 
pool3.bsi       25726   8-25-97  10:41 
port3.bsi       25726   8-25-97  10:45 
port03.bsi      25726   8-25-97  10:45 
ptemp.bsi       25726   8-25-97  10:41 
ptom01.bsi      25726   8-25-97  10:41 
ptom02.bsi      25726   8-25-97  10:41 
ptom03.bsi      25726   8-25-97  10:41 
ptom04.bsi      25726   8-25-97  10:41 
ptom05.bsi      25726   8-25-97  10:41 
ptom06.bsi      25726   8-25-97  10:41 
ptomba.bsi      25726   8-25-97  10:41 
redteam.bsi     25726   8-12-97  16:40 
rock00.bsi      25726   8-25-97  10:46 
rock01.bsi      25726   8-25-97  10:46 
saph.bsi        25726   8-25-97  10:41 
spike.bsi       25726   8-25-97  10:41 
steel01.bsi     25726   8-25-97  10:41 
steel04.bsi     25726   8-25-97  10:41 
stone01.bsi     25726   8-25-97  10:41 
stone02.bsi     25726   8-25-97  10:41 
stone05.bsi     25726   8-25-97  10:41 
strt01.bsi      25726   8-25-97  10:41 
strut01.bsi     25726   8-25-97  10:41 
temp3w.bsi      25726   8-25-97  10:41 
tent00.bsi      25726   9-09-97  15:27 
towr00.bsi      25726  10-02-97  14:37 
towr01.bsi      25726  10-02-97  15:58 
tpsy00.bsi      25726   8-25-97  10:46 
treb.bsi        25726   8-25-97  10:41 
wall01.bsi      25726   9-25-97  13:40 
wall02.bsi      25726   9-04-97  11:33 
wall04.bsi      25726   9-04-97  11:33 
wall07.bsi      25726   9-04-97  11:33 
wall08.bsi      25726   9-04-97  11:33 
wall09.bsi      25726   9-04-97  11:33 
wall10.bsi      25726   9-04-97  11:33 
wall11.bsi      25726   9-04-97  11:33 
wall12.bsi      25726   9-04-97  11:33 
wall14.bsi      25726   9-04-97  11:32 
wall15.bsi      25726   9-04-97  11:33 
wall16.bsi      25726   9-04-97  11:33 
wall17.bsi      25726   9-04-97  11:32 
wall18.bsi      25726   9-04-97  11:32 
wall19.bsi      25726   9-04-97  11:32 
wall20.bsi      25726   9-04-97  11:33 
wall21.bsi      25726   9-04-97  11:33 
wall22.bsi      25726   9-04-97  11:33 
wall23.bsi      25726   9-04-97  11:33 
wall24.bsi      25726   9-04-97  11:33 
wall25.bsi      25726   9-04-97  11:33 
wall26.bsi      25726   9-04-97  11:33 
wall27.bsi      25726   9-04-97  11:33 
wall28.bsi      25726   9-04-97  11:33 
wall29.bsi      25726   9-04-97  11:33 
wall31.bsi      25726   9-04-97  11:33 
wall32.bsi      25726   9-04-97  11:33 
wall33.bsi      25726   9-04-97  11:33 
wall34.bsi      25726   9-04-97  11:33 
wall35.bsi      25726   9-04-97  11:33 
wall36.bsi      25726   9-04-97  11:33 
wall37.bsi      25726   9-04-97  11:33 
wall38.bsi      25726   9-04-97  11:33 
wall39.bsi      25726   9-04-97  11:33 
wall40.bsi      25726   9-04-97  11:33 
wall41.bsi      25726   9-04-97  11:33 
wall43.bsi      25726   9-04-97  11:33 
wall52.bsi      25726   9-04-97  11:33 
wall53.bsi      25726   9-04-97  11:33 
wall55.bsi      25726   9-04-97  11:33 
wall56.bsi      25726   9-04-97  11:33 
wall62.bsi      25726   9-04-97  11:33 
wall64.bsi      25726   9-04-97  11:33 
wall65.bsi      25726   9-04-97  11:33 
wall66.bsi      25726   9-04-97  11:33 
wall67.bsi      25726   9-04-97  11:33 
wall68.bsi      25726   9-04-97  11:33 
wall69.bsi      25726   9-04-97  11:33 
wall70.bsi      25726   9-04-97  11:33 
wall71.bsi      25726   9-04-97  11:33 
wall72.bsi      25726   9-04-97  11:33 
wall73.bsi      25726   9-04-97  11:33 
wall74.bsi      25726   9-04-97  11:33 
wall75.bsi      25726   9-04-97  11:33 
wall76.bsi      25726   9-04-97  11:33 
wall77.bsi      25726   9-04-97  11:33 
wall78.bsi      25726   9-04-97  11:33 
wall79.bsi      25726   9-04-97  11:33 
wall80.bsi      25726   9-04-97  11:33 
wall88.bsi      25726   9-04-97  11:33 
wall89.bsi      25726   9-05-97  13:54 
wall90.bsi      25726   9-10-97   8:58 
wall92.bsi      25726   9-10-97   8:58 
wall93.bsi      25726   9-10-97   8:58 
wall94.bsi      25726   9-10-97  11:28 
wall95.bsi      25726   9-22-97  14:15 
watfalb1.bsi    25726   8-25-97  10:42 
watfalb2.bsi    25726   8-25-97  10:42 
watfalb3.bsi    25726   8-25-97  10:42 
wier01.bsi      25726   8-25-97  10:52 
wier03.bsi      25726   8-25-97  10:47 
wood19.bsi      25726   8-25-97  10:42 
wwheel2.bsi     25726   8-25-97  10:42 
fbrst269.bsi    25731   9-23-97  14:17 
fbrst270.bsi    25782   9-23-97  14:17 
jaciel.bsi      25834   9-08-97  10:22 
bfet02.bsi      25838   7-23-97  19:47 
bfej02.bsi      25839   8-13-97  12:10 
rfej02.bsi      25839   8-13-97  12:10 
spds04.bsi      25841   9-15-97  14:25 
mboot460.bsi    25857   9-18-97  11:00 
masd04.bsi      25866   8-18-97  12:09 
mbrst265.bsi    25884   9-23-97  14:18 
rfer01.bsi      25923   7-23-97  19:41 
fwpns608.bsi    25926   9-18-97  11:00 
bmaj02.bsi      25934   8-13-97  12:10 
rmaj02.bsi      25934   8-13-97  12:10 
fbrst271.bsi    25943   9-23-97  14:17 
lite00.bsi      25983   8-30-97  17:48 
mbrst264.bsi    25992   9-18-97  11:00 
vers02.bsi      26004   9-04-97  13:45 
smpa93.bsi      26019   9-23-95  11:08 
mbrst260.bsi    26037   9-18-97  11:00 
fbrst268.bsi    26100   9-23-97  14:17 
mldd04.bsi      26142   7-29-97  12:26 
icdd01.bsi      26190   7-29-97  12:16 
verw92.bsi      26232   9-23-95  11:10 
mldd03.bsi      26252   7-29-97  12:26 
dlds04.bsi      26255   8-18-97  12:44 
wths01.bsi      26294  10-03-97  16:12 
rmab00.bsi      26309   8-01-97  16:13 
mshtb200.bsi    26363   7-03-97  10:39 
spel04.bsi      26453   8-06-97  13:45 
bfer01.bsi      26557   7-23-97  19:47 
mclb01.bsi      26594   7-03-97  10:39 
wthw04.bsi      26644  10-03-97  16:12 
bmab00.bsi      26654   8-11-97  13:23 
clnd03.bsi      26682   9-29-97  17:58 
sdca04.bsi      26684   7-29-97  11:33 
fdad02.bsi      26769   7-29-97  18:44 
masd03.bsi      26814   8-18-97  12:09 
fdad01.bsi      26877   7-29-97  18:44 
dldd03.bsi      26914   8-18-97  12:43 
rfet01.bsi      26926   7-23-97  19:41 
wfal00.bsi      26949   9-05-97  11:05 
energy.bsi      26953   8-25-97  10:48 
dldd04.bsi      26955   8-18-97  12:43 
mpldn330.bsi    26961   9-18-97  11:00 
bfej00.bsi      26974   8-13-97  12:10 
rfej00.bsi      26974   8-13-97  12:10 
bfes04.bsi      26990   7-23-97  19:46 
rfeb00.bsi      27005   7-23-97  19:41 
vera90.bsi      27013   9-23-95  11:10 
bfeb00.bsi      27070   7-23-97  19:47 
bfet01.bsi      27105   7-23-97  19:47 
skls01.bsi      27207   7-29-97  10:50 
spdd04.bsi      27213   9-15-97  14:25 
dsrd04.bsi      27322   9-25-97   9:11 
smpw92.bsi      27347   9-23-95  11:08 
rmas04.bsi      27371   8-01-97  16:12 
zenaida.bsi     27405   9-08-97  10:22 
mlds03.bsi      27450   7-29-97  12:28 
deyanira.bsi    27486   9-08-97  10:22 
mwpns608.bsi    27510   9-18-97  11:01 
drea90.bsi      27556   9-23-95  11:42 
fwpns605.bsi    27558   9-18-97  11:00 
marmb302.bsi    27576   9-18-97  11:00 
verd03.bsi      27605   9-04-97  13:45 
wths02.bsi      27633  10-03-97  16:12 
bmad01.bsi      27639   8-11-97  13:20 
rmad01.bsi      27639   8-01-97  16:10 
mbrst266.bsi    27688   9-18-97  11:00 
wtha04.bsi      27755  10-03-97  16:11 
mbrst267.bsi    27760   9-18-97  11:00 
spel01.bsi      27782   8-06-97  13:44 
marmb300.bsi    27783   9-18-97  11:00 
marmb304.bsi    27783   9-23-97  14:18 
marmb305.bsi    27783   9-23-97  14:18 
marmb306.bsi    27783   9-23-97  15:39 
dres02.bsi      27845   8-18-97  14:52 
mass03.bsi      27884   8-18-97  12:10 
rmar02.bsi      27964   8-01-97  16:13 
mbrst269.bsi    28036   9-23-97  14:18 
mbrst268.bsi    28080   9-23-97  14:18 
bmas04.bsi      28127   8-11-97  13:22 
fgrev450.bsi    28152   9-23-97  14:17 
fgrev451.bsi    28152   9-23-97  14:17 
fgrev452.bsi    28152   9-23-97  14:17 
marmb303.bsi    28170   9-18-97  11:00 
mrds03.bsi      28229   8-18-97  12:19 
bmar02.bsi      28237   8-11-97  13:23 
drew91.bsi      28273   9-23-95  11:42 
mwpns609.bsi    28296   9-18-97  11:01 
fgrev453.bsi    28326   9-23-97  14:17 
rmat02.bsi      28384   8-01-97  16:13 
dred01.bsi      28434   8-18-97  14:52 
marmb301.bsi    28470   9-18-97  11:00 
marmb307.bsi    28470   9-18-97  11:00 
marmb309.bsi    28470   9-23-97  14:18 
marmb310.bsi    28470   9-23-97  14:18 
mboot463.bsi    28493   9-23-97  14:18 
rmar01.bsi      28583   8-01-97  16:13 
mboot464.bsi    28585   9-23-97  14:18 
sumeer.bsi      28612   9-08-97  10:22 
bmar01.bsi      28703   8-11-97  13:23 
mrdd03.bsi      28714   8-18-97  12:18 
mboot462.bsi    28769   9-18-97  11:00 
mbrst263.bsi    28785   9-18-97  11:00 
wind1.bsi       28798   8-25-97  10:42 
fwpns601.bsi    28892   9-18-97  11:00 
mboot465.bsi    28980   9-23-97  14:18 
mboot466.bsi    28980   9-23-97  14:18 
spds03.bsi      29119   9-15-97  14:25 
brdr00.bsi      29147   9-12-97  18:24 
dlds03.bsi      29205   8-18-97  12:44 
bmat02.bsi      29225   8-11-97  13:23 
mbrst261.bsi    29235   9-18-97  11:00 
chatbar.bsi     29268   8-21-97  15:44 
mrdd04.bsi      29292   8-18-97  12:18 
torta.bsi       29310   8-25-97  10:41 
twinkle.bsi     29322   8-21-97  11:47 
rmaz00.bsi      29384   8-13-97  12:08 
rmat01.bsi      29404   8-01-97  16:13 
scrl04.bsi      29466   7-03-97  10:39 
clarentv.bsi    29502   9-08-97  10:22 
marmb308.bsi    29520   9-23-97  14:18 
clns03.bsi      29571   9-29-97  17:58 
ghts00.bsi      29586  10-03-97  16:11 
dres01.bsi      29653   8-18-97  14:52 
scrn01.bsi      29694   8-25-97  10:41 
bmat01.bsi      29878   8-11-97  13:23 
moon2.bsi       29932   8-25-97  10:41 
smpa92.bsi      29958   9-23-95  11:08 
verd90.bsi      30089   9-23-95  11:10 
dsrd03.bsi      30106   9-25-97   9:11 
fwpns607.bsi    30172   9-18-97  11:00 
mwpns614.bsi    30232   9-18-97  11:01 
vers01.bsi      30388   9-04-97  13:45 
fdas03.bsi      30485   7-29-97  18:46 
wonsh00.bsi     30542   9-08-97  10:22 
icds03.bsi      30579   7-29-97  12:18 
fshrt204.bsi    30606   9-18-97  11:00 
sdcs00.bsi      30655   7-29-97  11:35 
fshrt203.bsi    30734   9-18-97  11:00 
verw91.bsi      30744   9-23-95  11:10 
dsrd01.bsi      30765   9-25-97   9:11 
ghta04.bsi      30817  10-03-97  16:10 
rfet00.bsi      30854   7-23-97  19:40 
bfet00.bsi      30993   7-23-97  19:47 
verd02.bsi      31032   9-04-97  13:45 
rmat00.bsi      31241   8-01-97  16:12 
ghts01.bsi      31279  10-03-97  16:11 
bmaz00.bsi      31292   8-13-97  12:08 
smpw91.bsi      31359   9-23-95  11:08 
bmat00.bsi      31418   8-11-97  13:22 
smpa91.bsi      31429   9-23-95  11:08 
xiivilai.bsi    31542   9-08-97  10:22 
drew04.bsi      31543   8-18-97  14:52 
mpldn331.bsi    31774   9-18-97  11:00 
fire00.bsi      31855   8-25-97  10:48 
mpldn333.bsi    31867   9-23-97  14:18 
mpldn334.bsi    31867   9-23-97  14:18 
mpldn335.bsi    31867   9-23-97  14:18 
mpldn336.bsi    31867   9-23-97  14:18 
bfez01.bsi      32028   8-13-97  12:09 
rfez01.bsi      32028   8-13-97  12:09 
msht01.bsi      32037   7-03-97  10:39 
mpldn332.bsi    32109   9-23-97  14:18 
bmaj01.bsi      32118   8-13-97  12:10 
rmaj01.bsi      32118   8-13-97  12:10 
wthw03.bsi      32186  10-03-97  16:11 
imago.bsi       32208   9-08-97  10:22 
sirran.bsi      32208   9-08-97  10:22 
spds02.bsi      32252   9-15-97  14:25 
teleport.bsi    32422   7-11-97  12:51 
bfej01.bsi      32466   8-13-97  12:10 
rfej01.bsi      32466   8-13-97  12:10 
vera04.bsi      32466   9-04-97  13:44 
femw04.bsi      32467   5-09-97  12:45 
rfer00.bsi      32501   7-23-97  19:41 
mwpns607.bsi    32637   9-18-97  11:01 
slab.bsi        32638   8-25-97  10:41 
skla04.bsi      32675   7-29-97  10:48 
ghts02.bsi      32834  10-03-97  16:11 
ghtw04.bsi      32845  10-03-97  16:11 
bfer00.bsi      32884   7-23-97  19:47 
rmar00.bsi      32943   8-01-97  16:13 
verd01.bsi      32985   9-04-97  13:44 
faydra.bsi      33077   9-08-97  10:22 
fema02.bsi      33261   5-09-97  12:44 
spdd03.bsi      33282   9-15-97  14:25 
rfes04.bsi      33316   7-23-97  19:40 
mlds02.bsi      33354   7-29-97  12:28 
bmar00.bsi      33379   8-11-97  13:23 
pbed.bsi        33406   8-25-97  10:41 
bfez02.bsi      33418   8-13-97  12:09 
rfez02.bsi      33418   8-13-97  12:09 
sdca03.bsi      33418   7-29-97  11:33 
dres00.bsi      33436   8-18-97  14:52 
mass02.bsi      33573   8-18-97  12:10 
mortab.bsi      33918   8-25-97  10:41 
clnd02.bsi      33942   9-29-97  17:57 
rmaz02.bsi      34118   8-13-97  12:08 
drea03.bsi      34212   8-18-97  14:51 
l6mir.bsi       34302   8-25-97  10:41 
dlds02.bsi      34314   8-18-97  12:44 
sdcw04.bsi      34522   7-29-97  11:35 
mshrt200.bsi    34558   9-18-97  11:00 
smpa90.bsi      34609   9-23-95  11:08 
mrds02.bsi      34675   8-18-97  12:19 
mcape502.bsi    34777   9-18-97  11:00 
fwpns611.bsi    35014   9-18-97  11:00 
drew90.bsi      35021   9-23-95  11:42 
bmaz02.bsi      35054   8-13-97  12:08 
wthd00.bsi      35083  10-03-97  16:11 
clns02.bsi      35342   9-29-97  17:58 
fwpns613.bsi    35417   9-18-97  11:00 
masd02.bsi      35424   8-18-97  12:09 
femw03.bsi      35487   5-09-97  12:45 
mldd02.bsi      35787   7-29-97  12:26 
fwpns606.bsi    35821   9-18-97  11:00 
bfea04.bsi      35943   7-23-97  19:43 
sklw03.bsi      36003   7-29-97  10:50 
rfea04.bsi      36020   7-23-97  19:36 
sklw04.bsi      36062   7-29-97  10:50 
farmb304.bsi    36063   9-23-97  14:17 
mass01.bsi      36077   8-18-97  12:10 
bfes03.bsi      36108   7-23-97  19:46 
mlds01.bsi      36235   7-29-97  12:28 
rmaz01.bsi      36240   8-13-97  12:08 
farmb302.bsi    36270   9-23-97  14:17 
farmb303.bsi    36270   9-18-97  10:59 
wtha03.bsi      36279  10-03-97  16:11 
skla03.bsi      36561   7-29-97  10:48 
spel00.bsi      36573   8-06-97  13:44 
drew03.bsi      36591   8-18-97  14:52 
spdd02.bsi      36622   9-15-97  14:25 
bmaz01.bsi      36646   8-13-97  12:08 
clnd01.bsi      36666   9-29-97  17:57 
fema01.bsi      36778   5-09-97  12:43 
maxe01.bsi      36888   7-03-97  10:39 
icds02.bsi      37095   7-29-97  12:18 
bmaj00.bsi      37119   8-13-97  12:10 
rmaj00.bsi      37119   8-13-97  12:10 
dldd02.bsi      37335   8-18-97  12:43 
rmaa04.bsi      37454   8-01-97  16:10 
tbls2.bsi       37464   8-25-97  10:41 
icds01.bsi      37469   7-29-97  12:18 
fcape501.bsi    37477   9-18-97  10:59 
fdas02.bsi      37537   7-29-97  18:46 
bmaa04.bsi      37658   8-11-97  13:18 
mwpns605.bsi    37858   9-18-97  11:00 
bfew04.bsi      37963   7-23-97  19:45 
smps02.bsi      37992   8-04-97  17:18 
smpw90.bsi      38059   9-23-95  11:08 
dlds01.bsi      38169   8-18-97  12:44 
smpd02.bsi      38202   8-04-97  17:16 
smps00.bsi      38202   8-04-97  17:18 
wthw02.bsi      38334  10-03-97  16:11 
rfew04.bsi      38375   7-23-97  19:39 
mtnic220.bsi    38460   8-04-97  14:56 
mshrt211.bsi    38476   9-18-97  11:00 
wind3.bsi       38606   8-25-97  10:42 
mrds01.bsi      38614   8-18-97  12:19 
skel00w0.bsi    38614   7-03-97  10:39 
spds00.bsi      38692   9-15-97  14:25 
mwpns602.bsi    38737   9-18-97  11:00 
fdas01.bsi      38743   7-29-97  18:46 
fpnts102.bsi    38898   9-18-97  11:00 
fpnts103.bsi    38898   9-18-97  11:00 
fpnts105.bsi    38898   9-18-97  11:00 
fpnts101.bsi    39038   9-18-97  11:00 
sdcw03.bsi      39044   7-29-97  11:35 
vera03.bsi      39054   9-04-97  13:44 
ghtw03.bsi      39172  10-03-97  16:11 
spds01.bsi      39185   9-15-97  14:25 
clns01.bsi      39238   9-29-97  17:58 
fpnts100.bsi    39250   9-18-97  11:00 
fshrt211.bsi    39307   9-18-97  11:00 
fpnts104.bsi    39391   9-18-97  11:00 
smps01.bsi      39438   8-04-97  17:18 
verw90.bsi      39662   9-23-95  11:10 
mrds00.bsi      39702   8-18-97  12:19 
fdas00.bsi      39809   7-29-97  18:46 
dred90.bsi      39839   9-23-95  11:42 
skls00.bsi      39886   7-29-97  10:50 
smpd01.bsi      40095   8-04-97  17:16 
icds00.bsi      40121   7-29-97  12:18 
wtha01.bsi      40320  10-03-97  16:11 
1mud00.bsi      40348   8-25-97  10:49 
fwpns609.bsi    40482   9-18-97  11:00 
book2.bsi       40483   8-25-97  10:40 
mbpt02.bsi      40643   7-03-97  10:39 
bfew03.bsi      40842   7-23-97  19:45 
fpnts106.bsi    40946   9-18-97  11:00 
rmaw04.bsi      41039   8-01-97  16:11 
rfew03.bsi      41307   7-23-97  19:39 
bmaw04.bsi      41383   8-11-97  13:21 
mwpns601.bsi    41462   9-18-97  11:00 
vers00.bsi      41513   9-04-97  13:45 
mlds00.bsi      41863   7-29-97  12:28 
ghtd00.bsi      41924  10-03-97  16:10 
1hwall.bsi      41982   9-23-97  15:11 
masw04.bsi      42013   8-18-97  12:10 
fwpns614.bsi    42062   9-18-97  11:00 
1rug01.bsi      42110   8-24-97  19:03 
1wall2.bsi      42110   9-26-97   8:10 
gril00.bsi      42110   9-01-97  14:48 
hedz09.bsi      42110   9-17-97  10:53 
inin00.bsi      42110   9-18-97  12:56 
lust03.bsi      42110   8-25-97  10:41 
mntn00.bsi      42110   9-29-97  17:06 
mntn01.bsi      42110   9-29-97  20:56 
mntn02.bsi      42110   9-30-97  12:31 
parch.bsi       42110   8-25-97  10:41 
rune00.bsi      42110   9-22-97  14:15 
sky000.bsi      42110   8-25-97  10:49 
sky001.bsi      42110   8-25-97  10:49 
sky_00.bsi      42110   8-25-97  10:49 
sky_01.bsi      42110   8-25-97  10:49 
tabl03.bsi      42110   8-25-97  10:46 
tport1.bsi      42110   8-25-97  10:41 
tport2.bsi      42110   8-25-97  10:41 
tport3.bsi      42110   8-25-97  10:41 
tport4.bsi      42110   8-24-97  18:35 
tport5.bsi      42110   8-24-97  18:35 
tport6.bsi      42110   8-24-97  18:35 
volc00.bsi      42110  10-01-97  13:14 
volc01.bsi      42110  10-01-97  13:15 
wall42.bsi      42110   9-04-97  11:33 
wall50.bsi      42110   9-25-97  12:20 
wall51.bsi      42110   8-20-97  18:30 
wall57.bsi      42110   9-04-97  11:33 
wall59.bsi      42110   9-04-97  11:33 
wall60.bsi      42110   9-04-97  11:33 
wall61.bsi      42110   9-04-97  11:33 
wall81.bsi      42110   9-04-97  11:33 
wall82.bsi      42110   9-04-97  11:33 
wall83.bsi      42110   9-04-97  11:33 
wall84.bsi      42110   9-04-97  11:33 
wall85.bsi      42110   9-04-97  11:33 
wall86.bsi      42110   9-04-97  11:33 
wall87.bsi      42110   9-04-97  11:33 
wall91.bsi      42110   9-10-97   8:58 
wargn.bsi       42110   8-25-97  10:42 
wind2.bsi       42110   8-25-97  10:42 
wind5.bsi       42110   8-25-97  10:42 
wind6.bsi       42110   8-25-97  10:42 
wind7.bsi       42110   8-25-97  10:42 
wind8.bsi       42110   8-25-97  10:42 
expl04.bsi      42146   8-06-97  13:44 
sdca01.bsi      42214   7-29-97  11:32 
rfes03.bsi      42345   7-23-97  19:40 
masd01.bsi      42732   8-18-97  12:09 
mass00.bsi      42735   8-18-97  12:10 
fwpns610.bsi    42757   9-18-97  11:00 
sdca02.bsi      42781   7-29-97  11:32 
mwpns610.bsi    42886   9-18-97  11:01 
verw04.bsi      42947   9-04-97  13:45 
wtha02.bsi      42990  10-03-97  16:11 
clnw04.bsi      43000   9-29-97  17:58 
dsrd00.bsi      43021   9-25-97   9:11 
fshrt200.bsi    43379   9-18-97  11:00 
rmas03.bsi      43483   8-01-97  16:12 
dldd01.bsi      43662   8-18-97  12:43 
dsra02.bsi      43754   9-25-97   9:11 
dsrs02.bsi      43754   9-25-97   9:12 
dsrw02.bsi      43754   9-25-97   9:11 
mldd01.bsi      44163   7-29-97  12:26 
rfea03.bsi      44329   7-23-97  19:36 
bfea03.bsi      44368   7-23-97  19:42 
rmaw03.bsi      44530   8-01-97  16:11 
bmas03.bsi      44706   8-11-97  13:22 
bmaw03.bsi      44812   8-11-97  13:21 
mwpns606.bsi    45107   9-18-97  11:01 
sdcw02.bsi      45247   7-29-97  11:34 
skla02.bsi      45375   7-29-97  10:47 
mrdd02.bsi      45433   8-18-97  12:18 
clns00.bsi      45528   9-29-97  17:58 
dlds00.bsi      45543   8-18-97  12:44 
drea02.bsi      45579   8-18-97  14:51 
fshrt201.bsi    45782   9-18-97  11:00 
ghta03.bsi      45910  10-03-97  16:10 
fwpns602.bsi    46064   9-18-97  11:00 
wtha00.bsi      46071  10-03-97  16:11 
fpldn333.bsi    46210   9-23-97  14:17 
drew02.bsi      46236   8-18-97  14:52 
dsra04.bsi      46262   9-25-97   9:11 
dsrs04.bsi      46262   9-25-97   9:12 
dsrw04.bsi      46262   9-25-97   9:11 
fdad00.bsi      46631   7-29-97  18:44 
fpldn331.bsi    46771   9-23-97  14:17 
fpldn334.bsi    46771   9-23-97  14:17 
fpldn332.bsi    46811   9-23-97  14:17 
smpa04.bsi      46870   8-04-97  17:14 
mldw04.bsi      46971   7-29-97  12:28 
spel03.bsi      47264   8-06-97  13:45 
wthw01.bsi      47571  10-03-97  16:11 
smpw04.bsi      47706   8-04-97  17:18 
fema00.bsi      47827   5-09-97  12:43 
bfes02.bsi      48237   7-23-97  19:46 
mpnts111.bsi    48362   9-18-97  11:00 
ghtw02.bsi      48449  10-03-97  16:11 
engy02.bsi      48454   9-24-97  11:24 
fshrt202.bsi    48558   9-18-97  11:00 
femw02.bsi      48711   5-09-97  12:45 
vera02.bsi      48963   9-04-97  13:44 
rmaa03.bsi      49062   8-01-97  16:09 
mpnts100.bsi    49158   9-18-97  11:00 
mrdw04.bsi      49189   8-18-97  12:19 
verw03.bsi      49219   9-04-97  13:45 
dsra03.bsi      49250   9-25-97   9:11 
dsrs03.bsi      49250   9-25-97   9:12 
dsrw03.bsi      49250   9-25-97   9:11 
6bgdr1.bsi      49278   8-25-97  10:42 
6bgdr2.bsi      49278   8-25-97  10:42 
l6bgdr1.bsi     49278   8-25-97  10:41 
scrl05.bsi      49442   8-12-97  16:36 
dldw04.bsi      49482   8-18-97  12:43 
masw03.bsi      49879   8-18-97  12:10 
bmaa03.bsi      49893   8-11-97  13:18 
engy01.bsi      50022   9-24-97  11:23 
clna04.bsi      50063   9-29-97  17:56 
drea01.bsi      50081   8-18-97  14:51 
mrdd01.bsi      50748   8-18-97  12:18 
mpnts101.bsi    50758   9-18-97  11:00 
mrda04.bsi      50895   8-18-97  12:17 
mwpns603.bsi    51026   9-18-97  11:00 
mpnts104.bsi    51158   9-18-97  11:00 
wheel.bsi       51160   8-25-97  10:42 
mpnts105.bsi    51166   9-18-97  11:00 
masa04.bsi      51286   8-18-97  12:08 
mpnts103.bsi    51367   9-18-97  11:00 
spel02.bsi      51378   8-06-97  13:44 
mastema.bsi     51407   8-25-97  10:45 
mshrt212.bsi    51532   9-18-97  11:00 
mpnts109.bsi    51576   9-18-97  11:00 
mpnts110.bsi    51576   9-18-97  11:00 
mlda04.bsi      51714   7-29-97  12:24 
clnw03.bsi      51760   9-29-97  17:58 
mpnts106.bsi    51778   9-18-97  11:00 
mpnts107.bsi    51785   9-18-97  11:00 
mpnts108.bsi    51785   9-18-97  11:00 
rmaw02.bsi      51914   8-01-97  16:11 
sdcw01.bsi      52013   7-29-97  11:34 
rbed.bsi        52350   8-25-97  10:41 
bfew02.bsi      52399   7-23-97  19:45 
skla01.bsi      52524   7-29-97  10:47 
sklw02.bsi      52557   7-29-97  10:50 
bmaw02.bsi      52607   8-11-97  13:21 
rfew02.bsi      52622   7-23-97  19:39 
rfes02.bsi      52681   7-23-97  19:40 
mbpt01.bsi      52726   7-03-97  10:39 
spdd01.bsi      52817   9-15-97  14:25 
icdw04.bsi      53086   7-29-97  12:18 
mwpns613.bsi    53372   9-18-97  11:01 
mpnts102.bsi    53648   9-18-97  11:00 
ghtw01.bsi      53737  10-03-97  16:11 
vera01.bsi      54228   9-04-97  13:44 
bfes01.bsi      54297   7-23-97  19:46 
rfea02.bsi      54314   7-23-97  19:36 
smpd90.bsi      54443   9-23-95  11:08 
exist0.bsi      54447   8-23-97  16:38 
sure00.bsi      54447   8-20-97  17:24 
bfea02.bsi      54479   7-23-97  19:42 
wthw00.bsi      54507  10-03-97  16:11 
fdaw04.bsi      54598   7-29-97  18:46 
dlda04.bsi      54934   8-18-97  12:42 
smpw03.bsi      55033   8-04-97  17:18 
mldw03.bsi      55320   7-29-97  12:28 
spda04.bsi      55385   9-15-97  14:24 
spdw04.bsi      55397   9-15-97  14:25 
mwpns611.bsi    55458   9-18-97  11:01 
mshrt210.bsi    56014   9-18-97  11:00 
mrda03.bsi      56051   8-18-97  12:17 
mlda03.bsi      56203   7-29-97  12:24 
dsra01.bsi      56423   9-25-97   9:11 
dsrs01.bsi      56423   9-25-97   9:12 
dsrw01.bsi      56423   9-25-97   9:11 
sdca00.bsi      56552   7-29-97  11:32 
sklw01.bsi      56922   7-29-97  10:50 
masa03.bsi      57053   8-18-97  12:08 
rmas02.bsi      57072   8-01-97  16:12 
verw02.bsi      57245   9-04-97  13:45 
femw01.bsi      57690   5-09-97  12:45 
rfes01.bsi      57808   7-23-97  19:40 
icdd00.bsi      58007   7-29-97  12:16 
mrdw03.bsi      58031   8-18-97  12:18 
dldw03.bsi      58286   8-18-97  12:43 
bfew01.bsi      58290   7-23-97  19:45 
icda04.bsi      58419   7-29-97  12:15 
mshrt201.bsi    58641   9-18-97  11:00 
rfew01.bsi      58641   7-23-97  19:39 
mshrt202.bsi    58642   9-18-97  11:00 
mcape500.bsi    58947   9-18-97  11:00 
chimere.bsi     58978   9-08-97  10:22 
smpa03.bsi      59021   8-04-97  17:14 
mshrt204.bsi    59087   9-18-97  11:00 
bmas02.bsi      59232   8-11-97  13:22 
mshrt203.bsi    59310   9-18-97  11:00 
fdaa04.bsi      59369   7-29-97  18:43 
mcape501.bsi    59499   9-23-97  14:18 
miror.bsi       59518   8-25-97  10:41 
rfea01.bsi      59596   7-23-97  19:36 
rmaa02.bsi      59677   8-01-97  16:09 
wfloor.bsi      59966   8-25-97  10:47 
bfea01.bsi      60011   7-23-97  19:42 
catab.bsi       60030   8-25-97  10:40 
spdw03.bsi      60690   9-15-97  14:25 
fwpns604.bsi    61027   9-18-97  11:00 
dlda03.bsi      61314   8-18-97  12:42 
bmaa02.bsi      61335   8-11-97  13:18 
mshrt208.bsi    61341   9-18-97  11:00 
mshrt209.bsi    61568   9-18-97  11:00 
mshrt205.bsi    61570   9-18-97  11:00 
mshrt207.bsi    61570   9-18-97  11:00 
fshrt208.bsi    61678   9-18-97  11:00 
rmas00.bsi      61769   8-01-97  16:11 
dsra00.bsi      61789   9-25-97   9:11 
dsrs00.bsi      61789   9-25-97   9:12 
dsrw00.bsi      61789   9-25-97   9:11 
mshrt206.bsi    61795   9-18-97  11:00 
vera00.bsi      61797   9-04-97  13:44 
panel1.bsi      61950   7-03-97  10:39 
panel2.bsi      61950   7-03-97  10:39 
fshrt209.bsi    62137   9-18-97  11:00 
rmas01.bsi      62148   8-01-97  16:12 
clna03.bsi      62241   9-29-97  17:56 
fshrt207.bsi    62332   9-18-97  11:00 
spda03.bsi      62401   9-15-97  14:24 
fshrt205.bsi    62619   9-18-97  11:00 
flmw00.bsi      62656   8-25-97  10:49 
flmw01.bsi      62656   8-25-97  10:49 
fshrt210.bsi    62818   9-18-97  11:00 
ghta01.bsi      63144  10-03-97  16:10 
bmas00.bsi      63240   8-11-97  13:21 
bmas01.bsi      63330   8-11-97  13:22 
masw02.bsi      63399   8-18-97  12:10 
rmaa01.bsi      63432   8-01-97  16:09 
expl01.bsi      63487   8-06-97  13:44 
rmaw01.bsi      63569   8-01-97  16:11 
smpw02.bsi      63706   8-04-97  17:17 
ghta02.bsi      63768  10-03-97  16:10 
drea00.bsi      63858   8-18-97  14:51 
fshrt206.bsi    64108   9-18-97  11:00 
bmaw01.bsi      64585   8-11-97  13:21 
bmaa01.bsi      64780   8-11-97  13:18 
ouch00.bsi      65235   8-20-97  18:10 
drew01.bsi      65239   8-18-97  14:52 
fcape500.bsi    65287   9-18-97  10:59 
verd00.bsi      65831   9-04-97  13:44 
bfes00.bsi      65949   7-23-97  19:46 
clnw02.bsi      66244   9-29-97  17:58 
1dem03.bsi      66678   7-03-97  13:11 
stel03.bsi      66678   5-15-97  17:58 
mldw02.bsi      66692   7-29-97  12:27 
dagon.bsi       67762   9-08-97  10:22 
expl03.bsi      67814   8-06-97  13:44 
dldw02.bsi      68916   8-18-97  12:43 
mrdw02.bsi      68917   8-18-97  12:18 
rfes00.bsi      69387   7-23-97  19:39 
spdw02.bsi      69512   9-15-97  14:25 
masw01.bsi      69599   8-18-97  12:10 
sdcw00.bsi      70184   7-29-97  11:34 
icdw03.bsi      70686   7-29-97  12:18 
ghtw00.bsi      70831  10-03-97  16:11 
fdaw03.bsi      70996   7-29-97  18:46 
masa02.bsi      71293   8-18-97  12:08 
mlda02.bsi      71509   7-29-97  12:24 
smpa02.bsi      72073   8-04-97  17:14 
fwpns603.bsi    72187   9-18-97  11:00 
mpldn337.bsi    72693   9-23-97  17:49 
expl00.bsi      72896   8-06-97  13:44 
spda02.bsi      73325   9-15-97  14:24 
blnk00.bsi      73342   8-12-97  16:36 
options.bsi     73342   9-19-97  15:14 
verw01.bsi      73396   9-04-97  13:45 
sigl00.bsi      73918   9-12-97  12:47 
screen00.bsi    74547   9-19-97  16:38 
1dec01.bsi      74878   8-24-97  19:03 
1door1.bsi      74878   8-26-97   9:19 
1wal01.bsi      74878   8-24-97  19:03 
1wal07.bsi      74878   8-24-97  19:03 
bemrld.bsi      74878   8-25-97  10:40 
catb01.bsi      74878   9-11-97  16:42 
catb02.bsi      74878   9-11-97  16:42 
door06.bsi      74878   8-30-97  15:56 
door07.bsi      74878   8-31-97  17:14 
door08.bsi      74878   9-30-97  18:36 
haybl.bsi       74878   8-25-97  10:40 
l2sky.bsi       74878   8-25-97  10:45 
l5sky.bsi       74878   8-25-97  10:45 
l6sky.bsi       74878   8-25-97  10:41 
land00.bsi      74878   8-25-97  10:45 
land01.bsi      74878   8-25-97  10:45 
land02.bsi      74878   9-08-97   8:49 
land03.bsi      74878   8-25-97  10:45 
land04.bsi      74878   8-25-97  10:45 
map03.bsi       74878   8-25-97  10:41 
sky1.bsi        74878   8-25-97  10:49 
sky003.bsi      74878   8-25-97  10:49 
sky004.bsi      74878   8-25-97  10:49 
sky005.bsi      74878   8-25-97  10:49 
steel03.bsi     74878   8-25-97  10:41 
synch00.bsi     74878   8-12-97  16:39 
tsky00.bsi      74878   8-25-97  10:46 
wall58.bsi      74878   9-04-97  11:33 
wall63.bsi      74878   9-04-97  11:33 
weap.bsi        74878   8-25-97  10:42 
mrda02.bsi      75029   8-18-97  12:17 
clnw01.bsi      75360   9-29-97  17:58 
mwpns604.bsi    75645   9-18-97  11:00 
temp00.bsi      75672   8-25-97  10:46 
femw00.bsi      76510   5-09-97  12:44 
dlda02.bsi      77089   8-18-97  12:42 
icda03.bsi      77844   7-29-97  12:15 
smpw01.bsi      78019   8-04-97  17:17 
mldw01.bsi      78064   7-29-97  12:27 
smpa01.bsi      78106   8-04-97  17:13 
clna02.bsi      78266   9-29-97  17:56 
mrdw01.bsi      78439   8-18-97  12:18 
rfea00.bsi      79288   7-23-97  19:35 
ghta00.bsi      79974  10-03-97  16:10 
fdaa03.bsi      80079   7-29-97  18:43 
bfew00.bsi      80340   7-23-97  19:44 
bfea00.bsi      80438   7-23-97  19:42 
plst00.bsi      81062   9-15-97  16:16 
expl02.bsi      81168   8-06-97  13:44 
rfew00.bsi      81238   7-23-97  19:38 
skla00.bsi      81530   7-29-97  10:47 
rmaa00.bsi      81868   8-01-97  16:09 
punch0.bsi      82471   8-12-97  11:00 
bmaa00.bsi      82567   8-11-97  13:17 
mlda01.bsi      83408   7-29-97  12:23 
dldw01.bsi      84181   8-18-97  12:43 
masw00.bsi      84866   8-18-97  12:09 
masa01.bsi      85068   8-18-97  12:08 
mrdw00.bsi      85527   8-18-97  12:18 
spdw01.bsi      85948   9-15-97  14:25 
smpa00.bsi      86093   8-04-97  17:13 
mbot01.bsi      86568   7-03-97  10:39 
drew00.bsi      86917   8-18-97  14:52 
rmaw00.bsi      87205   8-01-97  16:10 
bmaw00.bsi      88092   8-11-97  13:20 
spdw00.bsi      88227   9-15-97  14:25 
bmad00.bsi      88482   8-11-97  13:20 
spda01.bsi      88985   9-15-97  14:24 
dred00.bsi      89450   8-18-97  14:52 
mrda00.bsi      89779   8-18-97  12:17 
mrda01.bsi      89873   8-18-97  12:17 
sdcd00.bsi      90031   7-29-97  11:34 
mlda00.bsi      90175   7-29-97  12:23 
water2.bsi      90175   8-26-97  14:24 
water.bsi       90176   8-26-97  14:25 
dlda01.bsi      90407   8-18-97  12:41 
clna01.bsi      90591   9-29-97  17:56 
spda00.bsi      91378   9-15-97  14:23 
icdw02.bsi      91687   7-29-97  12:17 
sklw00.bsi      92134   7-29-97  10:50 
lava00.bsi      93318   9-08-97   9:10 
fbrbd001.bsi    93544   9-18-97  10:59 
fdkbd001.bsi    93790   9-18-97  10:59 
fhibd001.bsi    93790   9-18-97  11:00 
frdbd001.bsi    93790   9-18-97  11:00 
fnobd001.bsi    94132   9-18-97  11:00 
fwdbd001.bsi    94136   9-18-97  11:00 
fdaw02.bsi      94213   7-29-97  18:45 
rfed00.bsi      94367   7-23-97  19:38 
mrdbd001.bsi    94919   9-18-97  11:00 
clnw00.bsi      95387   9-29-97  17:58 
mbrbd001.bsi    95399   9-18-97  11:00 
mnobd001.bsi    95754   9-18-97  11:00 
mwdbd001.bsi    95758   9-18-97  11:00 
mhibd001.bsi    96000   9-18-97  11:00 
mdkbd001.bsi    96124   9-18-97  11:00 
teampix.bsi     99792   8-18-97  14:23 
smpw00.bsi      99835   8-04-97  17:17 
clna00.bsi      99974   9-29-97  17:56 
icdw01.bsi      99977   7-29-97  12:17 
verw00.bsi     101145   9-04-97  13:45 
mldw00.bsi     101783   7-29-97  12:27 
cast00.bsi     102133   8-06-97  13:40 
fdaw01.bsi     102879   7-29-97  18:45 
icda01.bsi     103688   7-29-97  12:15 
icda02.bsi     104179   7-29-97  12:15 
cast02.bsi     104895   8-06-97  13:42 
bfed00.bsi     105983   7-23-97  19:44 
fdaa02.bsi     106491   7-29-97  18:43 
masa00.bsi     106919   8-18-97  12:08 
dlda00.bsi     107284   8-18-97  12:41 
moon1.bsi      107311   8-25-97  10:41 
fdaa01.bsi     107493   7-29-97  18:42 
dldw00.bsi     108977   8-18-97  12:43 
cast03.bsi     112527   8-06-97  13:42 
cast01.bsi     114450   8-06-97  13:41 
cast04.bsi     114450   8-06-97  13:43 
icdw00.bsi     116635   7-29-97  12:17 
fdaw00.bsi     116816   7-29-97  18:44 
comp00.bsi     122148   5-02-97   9:29 
spdd00.bsi     122800   9-15-97  14:25 
smpd00.bsi     128626   8-04-97  17:16 
icda00.bsi     130737   7-29-97  12:14 
mldd00.bsi     135475   7-29-97  12:26 
fdaa00.bsi     135575   7-29-97  18:42 
mrdd00.bsi     143247   8-18-97  12:18 
wipe00.bsi     145142   7-03-97  10:39 
dldd00.bsi     148565   8-18-97  12:43 
spmenu00.bsi   149240   8-21-97  10:24 
masd00.bsi     151323   8-18-97  12:09 
panel.bsi      153504   9-19-97  17:23 
skld00.bsi     155338   7-29-97  10:49 
comp01.bsi     167918   9-17-97  11:13 
clnd00.bsi     180626   9-29-97  17:57 
spmenu.bsi     224025  10-02-97  15:13 
bssky.bsi      263286   4-22-97  13:37 
bssky2.bsi     263286   4-22-97  13:37 
l8sky.bsi      263286   7-03-97  10:39 
skybak.bsi     263286   4-23-97   9:36 
sky006.bsi     270462   8-25-97  10:49 
strsky.bsi     271486   8-25-97  10:41 
poop00.bsi     276606   8-25-97  10:53 
amap00.bsi     308342   7-03-97  10:39 
blank.bsi      308342   7-11-97  17:28 
char02.bsi     308342   4-25-97  16:21 
char03.bsi     308342   4-25-97  16:21 
char04.bsi     308342   4-25-97  16:21 
clas01.bsi     308342   4-25-97  16:19 
cscr00.bsi     308342   7-03-97  10:39 
netwrk00.bsi   308342   7-03-97  10:39 
netwrk01.bsi   308342   7-03-97  10:39 
netwrk02.bsi   308342   7-03-97  10:39 
netwrk03.bsi   308342   7-07-97   9:30 
netwrk04.bsi   308342   7-07-97  10:28 
textbk.bsi     308342   7-03-97  10:39 
test0.bsi      308350   7-03-97  10:39 
test1.bsi      308350   7-03-97  10:39 
backscrn.bsi   316542  10-06-97  13:29 
char00.bsi     316542   9-04-97   6:33 
char01.bsi     316542   8-12-97  17:31 
char05.bsi     316542   7-29-97  15:04 
char06.bsi     316542   7-29-97  15:04 
char07.bsi     316542   7-29-97  15:32 
char08.bsi     316542   9-04-97   6:33 
char09.bsi     316542   8-22-97  16:04 
char10.bsi     316542   8-22-97  16:04 
char12.bsi     316542  10-02-97  10:59 
char13.bsi     316542   8-12-97  17:03 
clas00.bsi     316542   8-08-97  10:33 
controls.bsi   316542   9-19-97  10:15 
face00.bsi     316542   8-08-97  10:33 
gender.bsi     316542   8-08-97  10:33 
help00.bsi     316542  10-06-97  15:38 
help01.bsi     316542  10-06-97  15:38 
help02.bsi     316542  10-06-97  15:38 
help03.bsi     316542  10-06-97  15:38 
help04.bsi     316542  10-06-97  15:38 
help05.bsi     316542  10-06-97  15:38 
help06.bsi     316542  10-06-97  15:39 
help07.bsi     316542  10-06-97  15:39 
help08.bsi     316542  10-06-97  15:39 
help09.bsi     316542  10-06-97  15:39 
help10.bsi     316542  10-06-97  15:39 
help11.bsi     316542  10-06-97  16:27 
help12.bsi     316542  10-06-97  16:27 
help13.bsi     316542  10-06-97  15:39 
help14.bsi     316542  10-06-97  15:39 
help15.bsi     316542  10-06-97  15:39 
help16.bsi     316542  10-06-97  15:39 
help17.bsi     316542  10-06-97  15:39 
help18.bsi     316542  10-06-97  15:39 
help19.bsi     316542  10-06-97  15:39 
help20.bsi     316542  10-06-97  15:39 
help21.bsi     316542  10-06-97  15:39 
help22.bsi     316542  10-06-97  15:39 
load00.bsi     316542   7-30-97  19:25 
loading.bsi    316542   8-12-97  16:36 
loadsave.bsi   316542   9-18-97  18:59 
map000.bsi     316542   8-09-97  10:24 
map001.bsi     316542   8-09-97  10:24 
map002.bsi     316542   8-09-97  10:24 
map003.bsi     316542   8-09-97  10:24 
map004.bsi     316542   8-09-97  10:24 
map005.bsi     316542   9-09-97  16:35 
map006.bsi     316542  10-03-97  16:41 
map008.bsi     316542   8-09-97  10:24 
map009.bsi     316542   8-09-97  10:24 
map010.bsi     316542   8-09-97  10:24 
map011.bsi     316542   8-09-97  10:24 
map012.bsi     316542   8-09-97  10:24 
map013.bsi     316542   8-09-97  10:24 
map014.bsi     316542   8-09-97  10:24 
map015.bsi     316542   8-09-97  10:24 
map016.bsi     316542   8-09-97  10:24 
map017.bsi     316542   8-09-97  10:24 
map018.bsi     316542   8-09-97  10:24 
map019.bsi     316542   8-09-97  10:24 
map020.bsi     316542   8-09-97  10:24 
map021.bsi     316542   8-09-97  10:24 
map022.bsi     316542   8-09-97  10:24 
map023.bsi     316542   8-09-97  10:24 
map024.bsi     316542   8-09-97  10:24 
map025.bsi     316542   8-09-97  10:24 
map026.bsi     316542   8-09-97  10:24 
map027.bsi     316542   8-09-97  10:24 
map028.bsi     316542   8-09-97  10:24 
map029.bsi     316542   8-09-97  10:24 
map030.bsi     316542   8-09-97  10:24 
mult00.bsi     316542   8-12-97  16:54 
mult01.bsi     316542   8-12-97  16:54 
mult02.bsi     316542   8-12-97  16:54 
mult03.bsi     316542   8-12-97  16:54 
mult04.bsi     316542   8-12-97  16:54 
mult05.bsi     316542   8-12-97  16:54 
mult06.bsi     316542   8-12-97  16:54 
mult07.bsi     316542   8-12-97  16:54 
mult08.bsi     316542   8-12-97  16:54 
mult09.bsi     316542   8-12-97  16:54 
mult10.bsi     316542   8-13-97  12:07 
name00.bsi     316542   8-08-97  10:34 
snro00.bsi     316542   7-30-97  19:24 
gold00.bsi     342142   8-25-97  10:53 
racepick.bsi   463184   8-22-97  13:33 
    96,271,045 bytes in 2,385 files and 0 dirs    134,545,408 bytes allocated
   963,444,736 bytes free
